TN:
SF:/workspace/game-components/packages/metagame/src/extensions/context/context.cairo
FN:22,game_components_metagame::extensions::context::context::ContextComponent::InternalImpl::initializer
FNDA:1,game_components_metagame::extensions::context::context::ContextComponent::InternalImpl::initializer
FN:27,game_components_metagame::extensions::context::context::ContextComponent::InternalImpl::register_context_interface
FNDA:1,game_components_metagame::extensions::context::context::ContextComponent::InternalImpl::register_context_interface
FN:26,game_components_metagame::extensions::context::context::get_dep_component_inline_macro
FNDA:1,game_components_metagame::extensions::context::context::get_dep_component_inline_macro
FNF:3
FNH:3
DA:22,1
DA:26,1
DA:27,1
LF:3
LH:3
end_of_record
TN:
SF:/workspace/game-components/packages/metagame/src/extensions/context/interface.cairo
FN:6,game_components_metagame::extensions::context::interface::IMetagameContextDispatcherImpl::context
FNDA:1,game_components_metagame::extensions::context::interface::IMetagameContextDispatcherImpl::context
FN:6,game_components_metagame::extensions::context::interface::IMetagameContextDispatcherImpl::has_context
FNDA:1,game_components_metagame::extensions::context::interface::IMetagameContextDispatcherImpl::has_context
FNF:2
FNH:2
DA:6,2
LF:1
LH:1
end_of_record
TN:
SF:/workspace/game-components/packages/metagame/src/extensions/context/structs.cairo
FN:1,game_components_metagame::extensions::context::structs::GameContextDetailsSerde::deserialize
FNDA:1,game_components_metagame::extensions::context::structs::GameContextDetailsSerde::deserialize
FN:1,game_components_metagame::extensions::context::structs::GameContextDetailsSerde::serialize
FNDA:1,game_components_metagame::extensions::context::structs::GameContextDetailsSerde::serialize
FN:9,game_components_metagame::extensions::context::structs::GameContextSerde::deserialize
FNDA:1,game_components_metagame::extensions::context::structs::GameContextSerde::deserialize
FN:9,game_components_metagame::extensions::context::structs::GameContextSerde::serialize
FNDA:1,game_components_metagame::extensions::context::structs::GameContextSerde::serialize
FNF:4
FNH:4
DA:1,2
DA:9,2
LF:2
LH:2
end_of_record
TN:
SF:/workspace/game-components/packages/metagame/src/interface.cairo
FN:6,game_components_metagame::interface::IMetagameDispatcherImpl::context_address
FNDA:1,game_components_metagame::interface::IMetagameDispatcherImpl::context_address
FN:6,game_components_metagame::interface::IMetagameDispatcherImpl::minigame_token_address
FNDA:1,game_components_metagame::interface::IMetagameDispatcherImpl::minigame_token_address
FNF:2
FNH:2
DA:6,2
LF:1
LH:1
end_of_record
TN:
SF:/workspace/game-components/packages/metagame/src/libs.cairo
FN:21,game_components_metagame::libs::assert_game_registered
FNDA:1,game_components_metagame::libs::assert_game_registered
FN:22,game_components_metagame::libs::assert_macro
FNDA:1,game_components_metagame::libs::assert_macro
FN:60,game_components_metagame::libs::mint
FNDA:1,game_components_metagame::libs::mint
FN:22,game_components_metagame::libs::write_macro
FNDA:1,game_components_metagame::libs::write_macro
FNF:4
FNH:4
DA:21,1
DA:22,2
DA:60,1
LF:3
LH:3
end_of_record
TN:
SF:/workspace/game-components/packages/metagame/src/metagame.cairo
FN:54,game_components_metagame::metagame::MetagameComponent::InternalImpl::initializer
FNDA:1,game_components_metagame::metagame::MetagameComponent::InternalImpl::initializer
FN:88,game_components_metagame::metagame::MetagameComponent::InternalImpl::mint
FNDA:1,game_components_metagame::metagame::MetagameComponent::InternalImpl::mint
FN:64,game_components_metagame::metagame::MetagameComponent::InternalImpl::register_src5_interfaces
FNDA:1,game_components_metagame::metagame::MetagameComponent::InternalImpl::register_src5_interfaces
FN:38,game_components_metagame::metagame::MetagameComponent::Metagame::context_address
FNDA:1,game_components_metagame::metagame::MetagameComponent::Metagame::context_address
FN:34,game_components_metagame::metagame::MetagameComponent::Metagame::minigame_token_address
FNDA:1,game_components_metagame::metagame::MetagameComponent::Metagame::minigame_token_address
FN:37,game_components_metagame::metagame::MetagameComponent::MetagameImpl::context_address
FNDA:1,game_components_metagame::metagame::MetagameComponent::MetagameImpl::context_address
FN:33,game_components_metagame::metagame::MetagameComponent::MetagameImpl::minigame_token_address
FNDA:1,game_components_metagame::metagame::MetagameComponent::MetagameImpl::minigame_token_address
FN:37,game_components_metagame::metagame::MetagameComponent::__wrapper__MetagameImpl__context_address
FNDA:1,game_components_metagame::metagame::MetagameComponent::__wrapper__MetagameImpl__context_address
FN:33,game_components_metagame::metagame::MetagameComponent::__wrapper__MetagameImpl__minigame_token_address
FNDA:1,game_components_metagame::metagame::MetagameComponent::__wrapper__MetagameImpl__minigame_token_address
FN:95,game_components_metagame::metagame::assert_macro
FNDA:1,game_components_metagame::metagame::assert_macro
FN:63,game_components_metagame::metagame::get_dep_component_inline_macro
FNDA:1,game_components_metagame::metagame::get_dep_component_inline_macro
FN:95,game_components_metagame::metagame::write_macro
FNDA:1,game_components_metagame::metagame::write_macro
FNF:12
FNH:12
DA:33,2
DA:34,1
DA:37,2
DA:38,1
DA:54,1
DA:55,1
DA:56,1
DA:57,1
DA:63,1
DA:64,1
DA:88,1
DA:90,1
DA:91,1
DA:95,1
DA:96,1
DA:100,1
DA:101,2
DA:102,1
DA:109,1
DA:110,1
LF:20
LH:20
end_of_record
TN:
SF:/workspace/game-components/packages/minigame/src/extensions/objectives/interface.cairo
FN:6,game_components_minigame::extensions::objectives::interface::IMinigameObjectivesDispatcherImpl::completed_objective
FNDA:1,game_components_minigame::extensions::objectives::interface::IMinigameObjectivesDispatcherImpl::completed_objective
FN:6,game_components_minigame::extensions::objectives::interface::IMinigameObjectivesDispatcherImpl::objective_exists
FNDA:1,game_components_minigame::extensions::objectives::interface::IMinigameObjectivesDispatcherImpl::objective_exists
FNF:2
FNH:2
DA:6,2
LF:1
LH:1
end_of_record
TN:
SF:/workspace/game-components/packages/minigame/src/extensions/objectives/libs.cairo
FN:37,game_components_minigame::extensions::objectives::libs::create_objective
FNDA:1,game_components_minigame::extensions::objectives::libs::create_objective
FNF:1
FNH:1
DA:37,1
DA:41,1
LF:2
LH:2
end_of_record
TN:
SF:/workspace/game-components/packages/minigame/src/extensions/objectives/objectives.cairo
FN:37,game_components_minigame::extensions::objectives::objectives::get_dep_component_inline_macro
FNDA:1,game_components_minigame::extensions::objectives::objectives::get_dep_component_inline_macro
FN:48,game_components_minigame::extensions::objectives::objectives::objectives_component::InternalImpl::create_objective
FNDA:1,game_components_minigame::extensions::objectives::objectives::objectives_component::InternalImpl::create_objective
FN:25,game_components_minigame::extensions::objectives::objectives::objectives_component::InternalImpl::initializer
FNDA:0,game_components_minigame::extensions::objectives::objectives::objectives_component::InternalImpl::initializer
FN:38,game_components_minigame::extensions::objectives::objectives::objectives_component::InternalImpl::register_objectives_interface
FNDA:1,game_components_minigame::extensions::objectives::objectives::objectives_component::InternalImpl::register_objectives_interface
FNF:4
FNH:3
DA:25,0
DA:37,1
DA:38,1
DA:48,1
DA:49,0
LF:5
LH:3
end_of_record
TN:
SF:/workspace/game-components/packages/minigame/src/extensions/objectives/structs.cairo
FN:1,game_components_minigame::extensions::objectives::structs::GameObjectiveSerde::deserialize
FNDA:1,game_components_minigame::extensions::objectives::structs::GameObjectiveSerde::deserialize
FN:1,game_components_minigame::extensions::objectives::structs::GameObjectiveSerde::serialize
FNDA:0,game_components_minigame::extensions::objectives::structs::GameObjectiveSerde::serialize
FNF:2
FNH:1
DA:1,1
LF:1
LH:1
end_of_record
TN:
SF:/workspace/game-components/packages/minigame/src/extensions/settings/interface.cairo
FN:6,game_components_minigame::extensions::settings::interface::IMinigameSettingsDispatcherImpl::settings
FNDA:1,game_components_minigame::extensions::settings::interface::IMinigameSettingsDispatcherImpl::settings
FN:6,game_components_minigame::extensions::settings::interface::IMinigameSettingsDispatcherImpl::settings_exist
FNDA:1,game_components_minigame::extensions::settings::interface::IMinigameSettingsDispatcherImpl::settings_exist
FN:13,game_components_minigame::extensions::settings::interface::IMinigameSettingsSVGDispatcherImpl::settings_svg
FNDA:1,game_components_minigame::extensions::settings::interface::IMinigameSettingsSVGDispatcherImpl::settings_svg
FNF:3
FNH:3
DA:6,2
DA:13,1
LF:2
LH:2
end_of_record
TN:
SF:/workspace/game-components/packages/minigame/src/extensions/settings/libs.cairo
FN:43,game_components_minigame::extensions::settings::libs::create_settings
FNDA:0,game_components_minigame::extensions::settings::libs::create_settings
FNF:1
FNH:0
DA:43,0
LF:1
LH:0
end_of_record
TN:
SF:/workspace/game-components/packages/minigame/src/extensions/settings/settings.cairo
FN:38,game_components_minigame::extensions::settings::settings::get_dep_component_inline_macro
FNDA:0,game_components_minigame::extensions::settings::settings::get_dep_component_inline_macro
FN:50,game_components_minigame::extensions::settings::settings::settings_component::InternalImpl::create_settings
FNDA:1,game_components_minigame::extensions::settings::settings::settings_component::InternalImpl::create_settings
FN:26,game_components_minigame::extensions::settings::settings::settings_component::InternalImpl::initializer
FNDA:0,game_components_minigame::extensions::settings::settings::settings_component::InternalImpl::initializer
FN:39,game_components_minigame::extensions::settings::settings::settings_component::InternalImpl::register_settings_interface
FNDA:0,game_components_minigame::extensions::settings::settings::settings_component::InternalImpl::register_settings_interface
FNF:4
FNH:1
DA:26,0
DA:38,0
DA:39,0
DA:50,1
DA:52,1
LF:5
LH:2
end_of_record
TN:
SF:/workspace/game-components/packages/minigame/src/extensions/settings/structs.cairo
FN:1,game_components_minigame::extensions::settings::structs::GameSettingDetailsSerde::deserialize
FNDA:1,game_components_minigame::extensions::settings::structs::GameSettingDetailsSerde::deserialize
FN:1,game_components_minigame::extensions::settings::structs::GameSettingDetailsSerde::serialize
FNDA:1,game_components_minigame::extensions::settings::structs::GameSettingDetailsSerde::serialize
FN:8,game_components_minigame::extensions::settings::structs::GameSettingSerde::deserialize
FNDA:1,game_components_minigame::extensions::settings::structs::GameSettingSerde::deserialize
FN:8,game_components_minigame::extensions::settings::structs::GameSettingSerde::serialize
FNDA:1,game_components_minigame::extensions::settings::structs::GameSettingSerde::serialize
FNF:4
FNH:4
DA:1,2
DA:8,2
LF:2
LH:2
end_of_record
TN:
SF:/workspace/game-components/packages/minigame/src/interface.cairo
FN:7,game_components_minigame::interface::IMinigameDispatcherImpl::objectives_address
FNDA:1,game_components_minigame::interface::IMinigameDispatcherImpl::objectives_address
FN:7,game_components_minigame::interface::IMinigameDispatcherImpl::settings_address
FNDA:1,game_components_minigame::interface::IMinigameDispatcherImpl::settings_address
FN:7,game_components_minigame::interface::IMinigameDispatcherImpl::token_address
FNDA:1,game_components_minigame::interface::IMinigameDispatcherImpl::token_address
FN:14,game_components_minigame::interface::IMinigameTokenDataDispatcherImpl::game_over
FNDA:1,game_components_minigame::interface::IMinigameTokenDataDispatcherImpl::game_over
FN:14,game_components_minigame::interface::IMinigameTokenDataDispatcherImpl::score
FNDA:1,game_components_minigame::interface::IMinigameTokenDataDispatcherImpl::score
FNF:5
FNH:5
DA:7,3
DA:14,2
LF:2
LH:2
end_of_record
TN:
SF:/workspace/game-components/packages/minigame/src/libs.cairo
FN:54,game_components_minigame::libs::assert_game_token_playable
FNDA:1,game_components_minigame::libs::assert_game_token_playable
FN:55,game_components_minigame::libs::assert_macro
FNDA:1,game_components_minigame::libs::assert_macro
FN:17,game_components_minigame::libs::pre_action
FNDA:1,game_components_minigame::libs::pre_action
FN:55,game_components_minigame::libs::write_macro
FNDA:1,game_components_minigame::libs::write_macro
FNF:4
FNH:4
DA:17,1
DA:54,1
DA:55,2
LF:3
LH:3
end_of_record
TN:
SF:/workspace/game-components/packages/minigame/src/minigame.cairo
FN:74,game_components_minigame::minigame::MinigameComponent::InternalImpl::initializer
FNDA:1,game_components_minigame::minigame::MinigameComponent::InternalImpl::initializer
FN:124,game_components_minigame::minigame::MinigameComponent::InternalImpl::register_game_interface
FNDA:1,game_components_minigame::minigame::MinigameComponent::InternalImpl::register_game_interface
FN:46,game_components_minigame::minigame::MinigameComponent::Minigame::objectives_address
FNDA:1,game_components_minigame::minigame::MinigameComponent::Minigame::objectives_address
FN:42,game_components_minigame::minigame::MinigameComponent::Minigame::settings_address
FNDA:1,game_components_minigame::minigame::MinigameComponent::Minigame::settings_address
FN:38,game_components_minigame::minigame::MinigameComponent::Minigame::token_address
FNDA:0,game_components_minigame::minigame::MinigameComponent::Minigame::token_address
FN:45,game_components_minigame::minigame::MinigameComponent::MinigameImpl::objectives_address
FNDA:1,game_components_minigame::minigame::MinigameComponent::MinigameImpl::objectives_address
FN:41,game_components_minigame::minigame::MinigameComponent::MinigameImpl::settings_address
FNDA:1,game_components_minigame::minigame::MinigameComponent::MinigameImpl::settings_address
FN:37,game_components_minigame::minigame::MinigameComponent::MinigameImpl::token_address
FNDA:0,game_components_minigame::minigame::MinigameComponent::MinigameImpl::token_address
FN:45,game_components_minigame::minigame::MinigameComponent::__wrapper__MinigameImpl__objectives_address
FNDA:1,game_components_minigame::minigame::MinigameComponent::__wrapper__MinigameImpl__objectives_address
FN:41,game_components_minigame::minigame::MinigameComponent::__wrapper__MinigameImpl__settings_address
FNDA:1,game_components_minigame::minigame::MinigameComponent::__wrapper__MinigameImpl__settings_address
FN:37,game_components_minigame::minigame::MinigameComponent::__wrapper__MinigameImpl__token_address
FNDA:1,game_components_minigame::minigame::MinigameComponent::__wrapper__MinigameImpl__token_address
FN:82,game_components_minigame::minigame::assert_macro
FNDA:1,game_components_minigame::minigame::assert_macro
FN:123,game_components_minigame::minigame::get_dep_component_inline_macro
FNDA:1,game_components_minigame::minigame::get_dep_component_inline_macro
FN:82,game_components_minigame::minigame::write_macro
FNDA:0,game_components_minigame::minigame::write_macro
FNF:14
FNH:11
DA:37,1
DA:38,0
DA:41,2
DA:42,1
DA:45,2
DA:46,1
DA:74,1
DA:77,1
DA:80,1
DA:82,1
DA:86,1
DA:87,1
DA:91,1
DA:93,1
DA:97,1
DA:114,1
DA:115,1
DA:117,1
DA:118,1
DA:123,1
DA:124,1
LF:21
LH:20
end_of_record
TN:
SF:/workspace/game-components/packages/minigame/src/structs.cairo
FN:1,game_components_minigame::structs::GameDetailSerde::serialize
FNDA:0,game_components_minigame::structs::GameDetailSerde::serialize
FNF:1
FNH:0
DA:1,0
LF:1
LH:0
end_of_record
TN:
SF:/workspace/game-components/packages/test_starknet/src/metagame/mocks/metagame_starknet_mock.cairo
FN:3,game_components_test_starknet::metagame::mocks::metagame_starknet_mock::IMetagameStarknetMockDispatcherImpl::mint_game
FNDA:1,game_components_test_starknet::metagame::mocks::metagame_starknet_mock::IMetagameStarknetMockDispatcherImpl::mint_game
FN:20,game_components_test_starknet::metagame::mocks::metagame_starknet_mock::IMetagameStarknetMockInitDispatcherImpl::initializer
FNDA:1,game_components_test_starknet::metagame::mocks::metagame_starknet_mock::IMetagameStarknetMockInitDispatcherImpl::initializer
FN:92,game_components_test_starknet::metagame::mocks::metagame_starknet_mock::array_inline_macro
FNDA:1,game_components_test_starknet::metagame::mocks::metagame_starknet_mock::array_inline_macro
FN:48,game_components_test_starknet::metagame::mocks::metagame_starknet_mock::metagame_starknet_mock::ContractStateMetagameImpl::unsafe_new_contract_state
FNDA:0,game_components_test_starknet::metagame::mocks::metagame_starknet_mock::metagame_starknet_mock::ContractStateMetagameImpl::unsafe_new_contract_state
FN:53,game_components_test_starknet::metagame::mocks::metagame_starknet_mock::metagame_starknet_mock::ContractStateSRC5Impl::unsafe_new_contract_state
FNDA:0,game_components_test_starknet::metagame::mocks::metagame_starknet_mock::metagame_starknet_mock::ContractStateSRC5Impl::unsafe_new_contract_state
FN:45,game_components_test_starknet::metagame::mocks::metagame_starknet_mock::metagame_starknet_mock::HasComponentImpl_ContextComponent::get_contract_mut
FNDA:1,game_components_test_starknet::metagame::mocks::metagame_starknet_mock::metagame_starknet_mock::HasComponentImpl_ContextComponent::get_contract_mut
FN:44,game_components_test_starknet::metagame::mocks::metagame_starknet_mock::metagame_starknet_mock::HasComponentImpl_MetagameComponent::get_component
FNDA:1,game_components_test_starknet::metagame::mocks::metagame_starknet_mock::metagame_starknet_mock::HasComponentImpl_MetagameComponent::get_component
FN:44,game_components_test_starknet::metagame::mocks::metagame_starknet_mock::metagame_starknet_mock::HasComponentImpl_MetagameComponent::get_contract_mut
FNDA:1,game_components_test_starknet::metagame::mocks::metagame_starknet_mock::metagame_starknet_mock::HasComponentImpl_MetagameComponent::get_contract_mut
FN:46,game_components_test_starknet::metagame::mocks::metagame_starknet_mock::metagame_starknet_mock::HasComponentImpl_SRC5Component::get_component
FNDA:0,game_components_test_starknet::metagame::mocks::metagame_starknet_mock::metagame_starknet_mock::HasComponentImpl_SRC5Component::get_component
FN:46,game_components_test_starknet::metagame::mocks::metagame_starknet_mock::metagame_starknet_mock::HasComponentImpl_SRC5Component::get_component_mut
FNDA:1,game_components_test_starknet::metagame::mocks::metagame_starknet_mock::metagame_starknet_mock::HasComponentImpl_SRC5Component::get_component_mut
FN:91,game_components_test_starknet::metagame::mocks::metagame_starknet_mock::metagame_starknet_mock::MetagameContextImpl::context
FNDA:1,game_components_test_starknet::metagame::mocks::metagame_starknet_mock::metagame_starknet_mock::MetagameContextImpl::context
FN:87,game_components_test_starknet::metagame::mocks::metagame_starknet_mock::metagame_starknet_mock::MetagameContextImpl::has_context
FNDA:1,game_components_test_starknet::metagame::mocks::metagame_starknet_mock::metagame_starknet_mock::MetagameContextImpl::has_context
FN:172,game_components_test_starknet::metagame::mocks::metagame_starknet_mock::metagame_starknet_mock::MetagameInitializerImpl::initializer
FNDA:1,game_components_test_starknet::metagame::mocks::metagame_starknet_mock::metagame_starknet_mock::MetagameInitializerImpl::initializer
FN:128,game_components_test_starknet::metagame::mocks::metagame_starknet_mock::metagame_starknet_mock::MetagameMockImpl::mint_game
FNDA:1,game_components_test_starknet::metagame::mocks::metagame_starknet_mock::metagame_starknet_mock::MetagameMockImpl::mint_game
FN:90,game_components_test_starknet::metagame::mocks::metagame_starknet_mock::metagame_starknet_mock::__wrapper__MetagameContextImpl__context
FNDA:0,game_components_test_starknet::metagame::mocks::metagame_starknet_mock::metagame_starknet_mock::__wrapper__MetagameContextImpl__context
FN:86,game_components_test_starknet::metagame::mocks::metagame_starknet_mock::metagame_starknet_mock::__wrapper__MetagameContextImpl__has_context
FNDA:0,game_components_test_starknet::metagame::mocks::metagame_starknet_mock::metagame_starknet_mock::__wrapper__MetagameContextImpl__has_context
FN:165,game_components_test_starknet::metagame::mocks::metagame_starknet_mock::metagame_starknet_mock::__wrapper__MetagameInitializerImpl__initializer
FNDA:1,game_components_test_starknet::metagame::mocks::metagame_starknet_mock::metagame_starknet_mock::__wrapper__MetagameInitializerImpl__initializer
FN:115,game_components_test_starknet::metagame::mocks::metagame_starknet_mock::metagame_starknet_mock::__wrapper__MetagameMockImpl__mint_game
FNDA:1,game_components_test_starknet::metagame::mocks::metagame_starknet_mock::metagame_starknet_mock::__wrapper__MetagameMockImpl__mint_game
FN:58,game_components_test_starknet::metagame::mocks::metagame_starknet_mock::metagame_starknet_mock::unsafe_new_contract_state
FNDA:0,game_components_test_starknet::metagame::mocks::metagame_starknet_mock::metagame_starknet_mock::unsafe_new_contract_state
FNF:19
FNH:13
DA:3,1
DA:20,1
DA:44,2
DA:45,1
DA:46,1
DA:48,0
DA:53,0
DA:58,0
DA:60,0
DA:62,0
DA:86,0
DA:87,1
DA:90,0
DA:91,0
DA:92,0
DA:95,1
DA:96,0
DA:97,0
DA:100,0
DA:101,0
DA:105,0
DA:106,0
DA:108,0
DA:115,1
DA:128,2
DA:131,1
DA:132,1
DA:137,1
DA:154,1
DA:155,1
DA:156,1
DA:157,1
DA:165,1
DA:172,1
DA:175,1
DA:178,1
DA:179,0
LF:37
LH:20
end_of_record
TN:
SF:/workspace/game-components/packages/test_starknet/src/metagame/unit/test_context_component.cairo
FN:9,game_components_test_starknet::metagame::unit::test_context_component::IContextSetterDispatcherImpl::store_context
FNDA:1,game_components_test_starknet::metagame::unit::test_context_component::IContextSetterDispatcherImpl::store_context
FN:32,game_components_test_starknet::metagame::unit::test_context_component::MockContextContract::ContractStateSRC5Impl::unsafe_new_contract_state
FNDA:0,game_components_test_starknet::metagame::unit::test_context_component::MockContextContract::ContractStateSRC5Impl::unsafe_new_contract_state
FN:27,game_components_test_starknet::metagame::unit::test_context_component::MockContextContract::HasComponentImpl_ContextComponent::get_contract_mut
FNDA:1,game_components_test_starknet::metagame::unit::test_context_component::MockContextContract::HasComponentImpl_ContextComponent::get_contract_mut
FN:28,game_components_test_starknet::metagame::unit::test_context_component::MockContextContract::HasComponentImpl_SRC5Component::get_component
FNDA:1,game_components_test_starknet::metagame::unit::test_context_component::MockContextContract::HasComponentImpl_SRC5Component::get_component
FN:28,game_components_test_starknet::metagame::unit::test_context_component::MockContextContract::HasComponentImpl_SRC5Component::get_component_mut
FNDA:1,game_components_test_starknet::metagame::unit::test_context_component::MockContextContract::HasComponentImpl_SRC5Component::get_component_mut
FN:187,game_components_test_starknet::metagame::unit::test_context_component::MockContextContract::IContextSetterImpl::set_has_context
FNDA:1,game_components_test_starknet::metagame::unit::test_context_component::MockContextContract::IContextSetterImpl::set_has_context
FN:160,game_components_test_starknet::metagame::unit::test_context_component::MockContextContract::IContextSetterImpl::store_context
FNDA:1,game_components_test_starknet::metagame::unit::test_context_component::MockContextContract::IContextSetterImpl::store_context
FN:107,game_components_test_starknet::metagame::unit::test_context_component::MockContextContract::IMetagameContextImpl::context
FNDA:1,game_components_test_starknet::metagame::unit::test_context_component::MockContextContract::IMetagameContextImpl::context
FN:85,game_components_test_starknet::metagame::unit::test_context_component::MockContextContract::IMetagameContextImpl::has_context
FNDA:1,game_components_test_starknet::metagame::unit::test_context_component::MockContextContract::IMetagameContextImpl::has_context
FN:149,game_components_test_starknet::metagame::unit::test_context_component::MockContextContract::IMetagameContextSVGImpl::context_svg
FNDA:0,game_components_test_starknet::metagame::unit::test_context_component::MockContextContract::IMetagameContextSVGImpl::context_svg
FN:186,game_components_test_starknet::metagame::unit::test_context_component::MockContextContract::__wrapper__IContextSetterImpl__set_has_context
FNDA:0,game_components_test_starknet::metagame::unit::test_context_component::MockContextContract::__wrapper__IContextSetterImpl__set_has_context
FN:158,game_components_test_starknet::metagame::unit::test_context_component::MockContextContract::__wrapper__IContextSetterImpl__store_context
FNDA:1,game_components_test_starknet::metagame::unit::test_context_component::MockContextContract::__wrapper__IContextSetterImpl__store_context
FN:106,game_components_test_starknet::metagame::unit::test_context_component::MockContextContract::__wrapper__IMetagameContextImpl__context
FNDA:1,game_components_test_starknet::metagame::unit::test_context_component::MockContextContract::__wrapper__IMetagameContextImpl__context
FN:84,game_components_test_starknet::metagame::unit::test_context_component::MockContextContract::__wrapper__IMetagameContextImpl__has_context
FNDA:1,game_components_test_starknet::metagame::unit::test_context_component::MockContextContract::__wrapper__IMetagameContextImpl__has_context
FN:148,game_components_test_starknet::metagame::unit::test_context_component::MockContextContract::__wrapper__IMetagameContextSVGImpl__context_svg
FNDA:0,game_components_test_starknet::metagame::unit::test_context_component::MockContextContract::__wrapper__IMetagameContextSVGImpl__context_svg
FN:76,game_components_test_starknet::metagame::unit::test_context_component::MockContextContract::__wrapper__constructor
FNDA:1,game_components_test_starknet::metagame::unit::test_context_component::MockContextContract::__wrapper__constructor
FN:78,game_components_test_starknet::metagame::unit::test_context_component::MockContextContract::constructor
FNDA:1,game_components_test_starknet::metagame::unit::test_context_component::MockContextContract::constructor
FN:37,game_components_test_starknet::metagame::unit::test_context_component::MockContextContract::unsafe_new_contract_state
FNDA:0,game_components_test_starknet::metagame::unit::test_context_component::MockContextContract::unsafe_new_contract_state
FN:8,game_components_test_starknet::metagame::unit::test_context_component::array_inline_macro
FNDA:1,game_components_test_starknet::metagame::unit::test_context_component::array_inline_macro
FN:15,game_components_test_starknet::metagame::unit::test_context_component::assert_macro
FNDA:1,game_components_test_starknet::metagame::unit::test_context_component::assert_macro
FN:3,game_components_test_starknet::metagame::unit::test_context_component::test_context_with_100_items_return_wrapper
FNDA:1,game_components_test_starknet::metagame::unit::test_context_component::test_context_with_100_items_return_wrapper
FN:3,game_components_test_starknet::metagame::unit::test_context_component::test_context_with_empty_array_return_wrapper
FNDA:1,game_components_test_starknet::metagame::unit::test_context_component::test_context_with_empty_array_return_wrapper
FN:4,game_components_test_starknet::metagame::unit::test_context_component::test_get_context_nonexistent_token_return_wrapper
FNDA:1,game_components_test_starknet::metagame::unit::test_context_component::test_get_context_nonexistent_token_return_wrapper
FN:3,game_components_test_starknet::metagame::unit::test_context_component::test_get_context_valid_token_return_wrapper
FNDA:1,game_components_test_starknet::metagame::unit::test_context_component::test_get_context_valid_token_return_wrapper
FN:3,game_components_test_starknet::metagame::unit::test_context_component::test_has_context_no_context_return_wrapper
FNDA:1,game_components_test_starknet::metagame::unit::test_context_component::test_has_context_no_context_return_wrapper
FN:3,game_components_test_starknet::metagame::unit::test_context_component::test_has_context_valid_token_return_wrapper
FNDA:1,game_components_test_starknet::metagame::unit::test_context_component::test_has_context_valid_token_return_wrapper
FN:3,game_components_test_starknet::metagame::unit::test_context_component::test_initialize_context_component_return_wrapper
FNDA:1,game_components_test_starknet::metagame::unit::test_context_component::test_initialize_context_component_return_wrapper
FN:3,game_components_test_starknet::metagame::unit::test_context_component::test_mint_with_context_external_provider_return_wrapper
FNDA:1,game_components_test_starknet::metagame::unit::test_context_component::test_mint_with_context_external_provider_return_wrapper
FN:3,game_components_test_starknet::metagame::unit::test_context_component::test_mint_with_context_self_provider_return_wrapper
FNDA:1,game_components_test_starknet::metagame::unit::test_context_component::test_mint_with_context_self_provider_return_wrapper
FN:15,game_components_test_starknet::metagame::unit::test_context_component::write_macro
FNDA:0,game_components_test_starknet::metagame::unit::test_context_component::write_macro
FNF:30
FNH:24
DA:3,8
DA:4,1
DA:8,0
DA:9,1
DA:11,6
DA:12,8
DA:13,3
DA:14,2
DA:15,5
DA:16,4
DA:17,6
DA:18,6
DA:19,5
DA:20,3
DA:21,2
DA:22,5
DA:23,1
DA:24,1
DA:25,4
DA:26,2
DA:27,3
DA:28,4
DA:29,3
DA:30,1
DA:32,0
DA:33,2
DA:35,1
DA:36,2
DA:37,1
DA:39,0
DA:76,1
DA:78,1
DA:84,1
DA:85,1
DA:86,1
DA:87,1
DA:88,1
DA:89,1
DA:90,1
DA:91,1
DA:92,1
DA:93,1
DA:94,1
DA:95,1
DA:96,1
DA:97,1
DA:98,1
DA:99,1
DA:100,1
DA:106,1
DA:107,1
DA:108,1
DA:112,1
DA:113,1
DA:114,1
DA:115,0
DA:116,1
DA:117,0
DA:118,1
DA:119,1
DA:120,1
DA:121,1
DA:122,1
DA:123,1
DA:124,1
DA:125,0
DA:127,0
DA:128,0
DA:129,0
DA:135,1
DA:136,2
DA:137,1
DA:138,1
DA:148,0
DA:149,0
DA:151,0
DA:158,1
DA:160,1
DA:161,1
DA:162,1
DA:163,1
DA:164,1
DA:165,1
DA:166,1
DA:167,1
DA:168,1
DA:169,1
DA:170,1
DA:171,1
DA:172,1
DA:173,1
DA:174,1
DA:175,1
DA:176,1
DA:177,1
DA:178,1
DA:179,0
DA:180,0
DA:183,1
DA:186,0
DA:187,1
DA:188,1
DA:189,1
DA:190,1
DA:191,1
DA:192,1
DA:193,1
DA:194,1
DA:195,1
DA:196,1
DA:197,1
DA:198,1
DA:199,1
DA:200,0
DA:201,0
DA:202,0
LF:116
LH:98
end_of_record
TN:
SF:/workspace/game-components/packages/test_starknet/src/metagame/unit/test_metagame_component.cairo
FN:20,game_components_test_starknet::metagame::unit::test_metagame_component::IMockMetagameDispatcherImpl::mint
FNDA:1,game_components_test_starknet::metagame::unit::test_metagame_component::IMockMetagameDispatcherImpl::mint
FN:535,game_components_test_starknet::metagame::unit::test_metagame_component::MockMetagameContract::ContractStateMetagameImpl::unsafe_new_contract_state
FNDA:0,game_components_test_starknet::metagame::unit::test_metagame_component::MockMetagameContract::ContractStateMetagameImpl::unsafe_new_contract_state
FN:539,game_components_test_starknet::metagame::unit::test_metagame_component::MockMetagameContract::ContractStateSRC5Impl::unsafe_new_contract_state
FNDA:0,game_components_test_starknet::metagame::unit::test_metagame_component::MockMetagameContract::ContractStateSRC5Impl::unsafe_new_contract_state
FN:531,game_components_test_starknet::metagame::unit::test_metagame_component::MockMetagameContract::HasComponentImpl_MetagameComponent::get_component
FNDA:1,game_components_test_starknet::metagame::unit::test_metagame_component::MockMetagameContract::HasComponentImpl_MetagameComponent::get_component
FN:531,game_components_test_starknet::metagame::unit::test_metagame_component::MockMetagameContract::HasComponentImpl_MetagameComponent::get_contract_mut
FNDA:1,game_components_test_starknet::metagame::unit::test_metagame_component::MockMetagameContract::HasComponentImpl_MetagameComponent::get_contract_mut
FN:532,game_components_test_starknet::metagame::unit::test_metagame_component::MockMetagameContract::HasComponentImpl_SRC5Component::get_component
FNDA:1,game_components_test_starknet::metagame::unit::test_metagame_component::MockMetagameContract::HasComponentImpl_SRC5Component::get_component
FN:532,game_components_test_starknet::metagame::unit::test_metagame_component::MockMetagameContract::HasComponentImpl_SRC5Component::get_component_mut
FNDA:1,game_components_test_starknet::metagame::unit::test_metagame_component::MockMetagameContract::HasComponentImpl_SRC5Component::get_component_mut
FN:586,game_components_test_starknet::metagame::unit::test_metagame_component::MockMetagameContract::MockMetagameImpl::mint
FNDA:1,game_components_test_starknet::metagame::unit::test_metagame_component::MockMetagameContract::MockMetagameImpl::mint
FN:572,game_components_test_starknet::metagame::unit::test_metagame_component::MockMetagameContract::__wrapper__MockMetagameImpl__mint
FNDA:1,game_components_test_starknet::metagame::unit::test_metagame_component::MockMetagameContract::__wrapper__MockMetagameImpl__mint
FN:560,game_components_test_starknet::metagame::unit::test_metagame_component::MockMetagameContract::__wrapper__constructor
FNDA:1,game_components_test_starknet::metagame::unit::test_metagame_component::MockMetagameContract::__wrapper__constructor
FN:566,game_components_test_starknet::metagame::unit::test_metagame_component::MockMetagameContract::constructor
FNDA:1,game_components_test_starknet::metagame::unit::test_metagame_component::MockMetagameContract::constructor
FN:545,game_components_test_starknet::metagame::unit::test_metagame_component::MockMetagameContract::unsafe_new_contract_state
FNDA:0,game_components_test_starknet::metagame::unit::test_metagame_component::MockMetagameContract::unsafe_new_contract_state
FN:8,game_components_test_starknet::metagame::unit::test_metagame_component::array_inline_macro
FNDA:1,game_components_test_starknet::metagame::unit::test_metagame_component::array_inline_macro
FN:23,game_components_test_starknet::metagame::unit::test_metagame_component::assert_macro
FNDA:1,game_components_test_starknet::metagame::unit::test_metagame_component::assert_macro
FN:4,game_components_test_starknet::metagame::unit::test_metagame_component::test_assert_game_registered_fails_unregistered_return_wrapper
FNDA:1,game_components_test_starknet::metagame::unit::test_metagame_component::test_assert_game_registered_fails_unregistered_return_wrapper
FN:3,game_components_test_starknet::metagame::unit::test_metagame_component::test_assert_game_registered_success_return_wrapper
FNDA:1,game_components_test_starknet::metagame::unit::test_metagame_component::test_assert_game_registered_success_return_wrapper
FN:4,game_components_test_starknet::metagame::unit::test_metagame_component::test_assert_game_registered_zero_address_return_wrapper
FNDA:1,game_components_test_starknet::metagame::unit::test_metagame_component::test_assert_game_registered_zero_address_return_wrapper
FN:3,game_components_test_starknet::metagame::unit::test_metagame_component::test_context_address_view_when_none_return_wrapper
FNDA:1,game_components_test_starknet::metagame::unit::test_metagame_component::test_context_address_view_when_none_return_wrapper
FN:3,game_components_test_starknet::metagame::unit::test_metagame_component::test_context_address_view_when_set_return_wrapper
FNDA:1,game_components_test_starknet::metagame::unit::test_metagame_component::test_context_address_view_when_set_return_wrapper
FN:3,game_components_test_starknet::metagame::unit::test_metagame_component::test_initialization_with_both_addresses_return_wrapper
FNDA:1,game_components_test_starknet::metagame::unit::test_metagame_component::test_initialization_with_both_addresses_return_wrapper
FN:3,game_components_test_starknet::metagame::unit::test_metagame_component::test_initialization_with_token_only_return_wrapper
FNDA:1,game_components_test_starknet::metagame::unit::test_metagame_component::test_initialization_with_token_only_return_wrapper
FN:3,game_components_test_starknet::metagame::unit::test_metagame_component::test_minigame_token_address_view_return_wrapper
FNDA:1,game_components_test_starknet::metagame::unit::test_metagame_component::test_minigame_token_address_view_return_wrapper
FN:3,game_components_test_starknet::metagame::unit::test_metagame_component::test_mint_minimal_return_wrapper
FNDA:1,game_components_test_starknet::metagame::unit::test_metagame_component::test_mint_minimal_return_wrapper
FN:3,game_components_test_starknet::metagame::unit::test_metagame_component::test_mint_with_all_parameters_return_wrapper
FNDA:1,game_components_test_starknet::metagame::unit::test_metagame_component::test_mint_with_all_parameters_return_wrapper
FN:4,game_components_test_starknet::metagame::unit::test_metagame_component::test_mint_with_context_no_provider_return_wrapper
FNDA:1,game_components_test_starknet::metagame::unit::test_metagame_component::test_mint_with_context_no_provider_return_wrapper
FN:3,game_components_test_starknet::metagame::unit::test_metagame_component::test_mint_with_context_provider_set_return_wrapper
FNDA:1,game_components_test_starknet::metagame::unit::test_metagame_component::test_mint_with_context_provider_set_return_wrapper
FN:3,game_components_test_starknet::metagame::unit::test_metagame_component::test_mint_with_instant_game_return_wrapper
FNDA:1,game_components_test_starknet::metagame::unit::test_metagame_component::test_mint_with_instant_game_return_wrapper
FN:3,game_components_test_starknet::metagame::unit::test_metagame_component::test_mint_with_max_objectives_return_wrapper
FNDA:1,game_components_test_starknet::metagame::unit::test_metagame_component::test_mint_with_max_objectives_return_wrapper
FN:4,game_components_test_starknet::metagame::unit::test_metagame_component::test_mint_with_unregistered_game_return_wrapper
FNDA:1,game_components_test_starknet::metagame::unit::test_metagame_component::test_mint_with_unregistered_game_return_wrapper
FN:23,game_components_test_starknet::metagame::unit::test_metagame_component::write_macro
FNDA:0,game_components_test_starknet::metagame::unit::test_metagame_component::write_macro
FNF:30
FNH:26
DA:3,11
DA:4,4
DA:8,0
DA:11,0
DA:12,5
DA:14,2
DA:15,10
DA:16,3
DA:17,7
DA:18,6
DA:19,6
DA:20,7
DA:21,5
DA:22,1
DA:23,4
DA:24,2
DA:25,8
DA:26,5
DA:27,5
DA:28,3
DA:29,2
DA:30,3
DA:31,7
DA:32,2
DA:33,5
DA:34,3
DA:35,2
DA:36,1
DA:37,1
DA:38,2
DA:39,2
DA:40,3
DA:41,3
DA:42,5
DA:43,1
DA:46,1
DA:48,1
DA:49,1
DA:50,2
DA:51,2
DA:53,1
DA:55,1
DA:56,1
DA:59,1
DA:65,1
DA:531,2
DA:532,2
DA:535,0
DA:539,0
DA:545,0
DA:547,0
DA:560,1
DA:566,1
DA:572,1
DA:586,1
LF:55
LH:49
end_of_record
TN:
SF:/workspace/game-components/packages/test_starknet/src/minigame/mocks/minigame_starknet_mock.cairo
FN:3,game_components_test_starknet::minigame::mocks::minigame_starknet_mock::IMinigameStarknetMockDispatcherImpl::create_objective_score
FNDA:1,game_components_test_starknet::minigame::mocks::minigame_starknet_mock::IMinigameStarknetMockDispatcherImpl::create_objective_score
FN:3,game_components_test_starknet::minigame::mocks::minigame_starknet_mock::IMinigameStarknetMockDispatcherImpl::create_settings_difficulty
FNDA:1,game_components_test_starknet::minigame::mocks::minigame_starknet_mock::IMinigameStarknetMockDispatcherImpl::create_settings_difficulty
FN:3,game_components_test_starknet::minigame::mocks::minigame_starknet_mock::IMinigameStarknetMockDispatcherImpl::end_game
FNDA:1,game_components_test_starknet::minigame::mocks::minigame_starknet_mock::IMinigameStarknetMockDispatcherImpl::end_game
FN:3,game_components_test_starknet::minigame::mocks::minigame_starknet_mock::IMinigameStarknetMockDispatcherImpl::mint
FNDA:1,game_components_test_starknet::minigame::mocks::minigame_starknet_mock::IMinigameStarknetMockDispatcherImpl::mint
FN:26,game_components_test_starknet::minigame::mocks::minigame_starknet_mock::IMinigameStarknetMockInitDispatcherImpl::initializer
FNDA:1,game_components_test_starknet::minigame::mocks::minigame_starknet_mock::IMinigameStarknetMockInitDispatcherImpl::initializer
FN:142,game_components_test_starknet::minigame::mocks::minigame_starknet_mock::array_inline_macro
FNDA:1,game_components_test_starknet::minigame::mocks::minigame_starknet_mock::array_inline_macro
FN:226,game_components_test_starknet::minigame::mocks::minigame_starknet_mock::assert_macro
FNDA:1,game_components_test_starknet::minigame::mocks::minigame_starknet_mock::assert_macro
FN:138,game_components_test_starknet::minigame::mocks::minigame_starknet_mock::format_macro
FNDA:1,game_components_test_starknet::minigame::mocks::minigame_starknet_mock::format_macro
FN:73,game_components_test_starknet::minigame::mocks::minigame_starknet_mock::minigame_starknet_mock::ContractStateMinigameImpl::unsafe_new_contract_state
FNDA:0,game_components_test_starknet::minigame::mocks::minigame_starknet_mock::minigame_starknet_mock::ContractStateMinigameImpl::unsafe_new_contract_state
FN:79,game_components_test_starknet::minigame::mocks::minigame_starknet_mock::minigame_starknet_mock::ContractStateSRC5Impl::unsafe_new_contract_state
FNDA:0,game_components_test_starknet::minigame::mocks::minigame_starknet_mock::minigame_starknet_mock::ContractStateSRC5Impl::unsafe_new_contract_state
FN:142,game_components_test_starknet::minigame::mocks::minigame_starknet_mock::minigame_starknet_mock::GameDetailsImpl::game_details
FNDA:0,game_components_test_starknet::minigame::mocks::minigame_starknet_mock::minigame_starknet_mock::GameDetailsImpl::game_details
FN:322,game_components_test_starknet::minigame::mocks::minigame_starknet_mock::minigame_starknet_mock::GameInitializerImpl::initializer
FNDA:1,game_components_test_starknet::minigame::mocks::minigame_starknet_mock::minigame_starknet_mock::GameInitializerImpl::initializer
FN:258,game_components_test_starknet::minigame::mocks::minigame_starknet_mock::minigame_starknet_mock::GameMockImpl::create_objective_score
FNDA:1,game_components_test_starknet::minigame::mocks::minigame_starknet_mock::minigame_starknet_mock::GameMockImpl::create_objective_score
FN:277,game_components_test_starknet::minigame::mocks::minigame_starknet_mock::minigame_starknet_mock::GameMockImpl::create_settings_difficulty
FNDA:1,game_components_test_starknet::minigame::mocks::minigame_starknet_mock::minigame_starknet_mock::GameMockImpl::create_settings_difficulty
FN:253,game_components_test_starknet::minigame::mocks::minigame_starknet_mock::minigame_starknet_mock::GameMockImpl::end_game
FNDA:1,game_components_test_starknet::minigame::mocks::minigame_starknet_mock::minigame_starknet_mock::GameMockImpl::end_game
FN:224,game_components_test_starknet::minigame::mocks::minigame_starknet_mock::minigame_starknet_mock::GameMockImpl::mint
FNDA:1,game_components_test_starknet::minigame::mocks::minigame_starknet_mock::minigame_starknet_mock::GameMockImpl::mint
FN:249,game_components_test_starknet::minigame::mocks::minigame_starknet_mock::minigame_starknet_mock::GameMockImpl::start_game
FNDA:1,game_components_test_starknet::minigame::mocks::minigame_starknet_mock::minigame_starknet_mock::GameMockImpl::start_game
FN:131,game_components_test_starknet::minigame::mocks::minigame_starknet_mock::minigame_starknet_mock::GameTokenDataImpl::game_over
FNDA:1,game_components_test_starknet::minigame::mocks::minigame_starknet_mock::minigame_starknet_mock::GameTokenDataImpl::game_over
FN:127,game_components_test_starknet::minigame::mocks::minigame_starknet_mock::minigame_starknet_mock::GameTokenDataImpl::score
FNDA:1,game_components_test_starknet::minigame::mocks::minigame_starknet_mock::minigame_starknet_mock::GameTokenDataImpl::score
FN:68,game_components_test_starknet::minigame::mocks::minigame_starknet_mock::minigame_starknet_mock::HasComponentImpl_MinigameComponent::get_component
FNDA:0,game_components_test_starknet::minigame::mocks::minigame_starknet_mock::minigame_starknet_mock::HasComponentImpl_MinigameComponent::get_component
FN:68,game_components_test_starknet::minigame::mocks::minigame_starknet_mock::minigame_starknet_mock::HasComponentImpl_MinigameComponent::get_contract_mut
FNDA:0,game_components_test_starknet::minigame::mocks::minigame_starknet_mock::minigame_starknet_mock::HasComponentImpl_MinigameComponent::get_contract_mut
FN:71,game_components_test_starknet::minigame::mocks::minigame_starknet_mock::minigame_starknet_mock::HasComponentImpl_SRC5Component::get_component
FNDA:1,game_components_test_starknet::minigame::mocks::minigame_starknet_mock::minigame_starknet_mock::HasComponentImpl_SRC5Component::get_component
FN:71,game_components_test_starknet::minigame::mocks::minigame_starknet_mock::minigame_starknet_mock::HasComponentImpl_SRC5Component::get_component_mut
FNDA:0,game_components_test_starknet::minigame::mocks::minigame_starknet_mock::minigame_starknet_mock::HasComponentImpl_SRC5Component::get_component_mut
FN:69,game_components_test_starknet::minigame::mocks::minigame_starknet_mock::minigame_starknet_mock::HasComponentImpl_objectives_component::get_contract_mut
FNDA:0,game_components_test_starknet::minigame::mocks::minigame_starknet_mock::minigame_starknet_mock::HasComponentImpl_objectives_component::get_contract_mut
FN:70,game_components_test_starknet::minigame::mocks::minigame_starknet_mock::minigame_starknet_mock::HasComponentImpl_settings_component::get_contract_mut
FNDA:0,game_components_test_starknet::minigame::mocks::minigame_starknet_mock::minigame_starknet_mock::HasComponentImpl_settings_component::get_contract_mut
FN:363,game_components_test_starknet::minigame::mocks::minigame_starknet_mock::minigame_starknet_mock::HelperImpl::store_token_objectives
FNDA:1,game_components_test_starknet::minigame::mocks::minigame_starknet_mock::minigame_starknet_mock::HelperImpl::store_token_objectives
FN:181,game_components_test_starknet::minigame::mocks::minigame_starknet_mock::minigame_starknet_mock::ObjectivesImpl::completed_objective
FNDA:1,game_components_test_starknet::minigame::mocks::minigame_starknet_mock::minigame_starknet_mock::ObjectivesImpl::completed_objective
FN:176,game_components_test_starknet::minigame::mocks::minigame_starknet_mock::minigame_starknet_mock::ObjectivesImpl::objective_exists
FNDA:0,game_components_test_starknet::minigame::mocks::minigame_starknet_mock::minigame_starknet_mock::ObjectivesImpl::objective_exists
FN:187,game_components_test_starknet::minigame::mocks::minigame_starknet_mock::minigame_starknet_mock::ObjectivesImpl::objectives
FNDA:1,game_components_test_starknet::minigame::mocks::minigame_starknet_mock::minigame_starknet_mock::ObjectivesImpl::objectives
FN:159,game_components_test_starknet::minigame::mocks::minigame_starknet_mock::minigame_starknet_mock::SettingsImpl::settings
FNDA:1,game_components_test_starknet::minigame::mocks::minigame_starknet_mock::minigame_starknet_mock::SettingsImpl::settings
FN:154,game_components_test_starknet::minigame::mocks::minigame_starknet_mock::minigame_starknet_mock::SettingsImpl::settings_exist
FNDA:1,game_components_test_starknet::minigame::mocks::minigame_starknet_mock::minigame_starknet_mock::SettingsImpl::settings_exist
FN:141,game_components_test_starknet::minigame::mocks::minigame_starknet_mock::minigame_starknet_mock::__wrapper__GameDetailsImpl__game_details
FNDA:0,game_components_test_starknet::minigame::mocks::minigame_starknet_mock::minigame_starknet_mock::__wrapper__GameDetailsImpl__game_details
FN:137,game_components_test_starknet::minigame::mocks::minigame_starknet_mock::minigame_starknet_mock::__wrapper__GameDetailsImpl__token_description
FNDA:0,game_components_test_starknet::minigame::mocks::minigame_starknet_mock::minigame_starknet_mock::__wrapper__GameDetailsImpl__token_description
FN:305,game_components_test_starknet::minigame::mocks::minigame_starknet_mock::minigame_starknet_mock::__wrapper__GameInitializerImpl__initializer
FNDA:1,game_components_test_starknet::minigame::mocks::minigame_starknet_mock::minigame_starknet_mock::__wrapper__GameInitializerImpl__initializer
FN:257,game_components_test_starknet::minigame::mocks::minigame_starknet_mock::minigame_starknet_mock::__wrapper__GameMockImpl__create_objective_score
FNDA:1,game_components_test_starknet::minigame::mocks::minigame_starknet_mock::minigame_starknet_mock::__wrapper__GameMockImpl__create_objective_score
FN:274,game_components_test_starknet::minigame::mocks::minigame_starknet_mock::minigame_starknet_mock::__wrapper__GameMockImpl__create_settings_difficulty
FNDA:1,game_components_test_starknet::minigame::mocks::minigame_starknet_mock::minigame_starknet_mock::__wrapper__GameMockImpl__create_settings_difficulty
FN:252,game_components_test_starknet::minigame::mocks::minigame_starknet_mock::minigame_starknet_mock::__wrapper__GameMockImpl__end_game
FNDA:1,game_components_test_starknet::minigame::mocks::minigame_starknet_mock::minigame_starknet_mock::__wrapper__GameMockImpl__end_game
FN:210,game_components_test_starknet::minigame::mocks::minigame_starknet_mock::minigame_starknet_mock::__wrapper__GameMockImpl__mint
FNDA:1,game_components_test_starknet::minigame::mocks::minigame_starknet_mock::minigame_starknet_mock::__wrapper__GameMockImpl__mint
FN:248,game_components_test_starknet::minigame::mocks::minigame_starknet_mock::minigame_starknet_mock::__wrapper__GameMockImpl__start_game
FNDA:0,game_components_test_starknet::minigame::mocks::minigame_starknet_mock::minigame_starknet_mock::__wrapper__GameMockImpl__start_game
FN:130,game_components_test_starknet::minigame::mocks::minigame_starknet_mock::minigame_starknet_mock::__wrapper__GameTokenDataImpl__game_over
FNDA:1,game_components_test_starknet::minigame::mocks::minigame_starknet_mock::minigame_starknet_mock::__wrapper__GameTokenDataImpl__game_over
FN:126,game_components_test_starknet::minigame::mocks::minigame_starknet_mock::minigame_starknet_mock::__wrapper__GameTokenDataImpl__score
FNDA:1,game_components_test_starknet::minigame::mocks::minigame_starknet_mock::minigame_starknet_mock::__wrapper__GameTokenDataImpl__score
FN:180,game_components_test_starknet::minigame::mocks::minigame_starknet_mock::minigame_starknet_mock::__wrapper__ObjectivesImpl__completed_objective
FNDA:1,game_components_test_starknet::minigame::mocks::minigame_starknet_mock::minigame_starknet_mock::__wrapper__ObjectivesImpl__completed_objective
FN:175,game_components_test_starknet::minigame::mocks::minigame_starknet_mock::minigame_starknet_mock::__wrapper__ObjectivesImpl__objective_exists
FNDA:1,game_components_test_starknet::minigame::mocks::minigame_starknet_mock::minigame_starknet_mock::__wrapper__ObjectivesImpl__objective_exists
FN:186,game_components_test_starknet::minigame::mocks::minigame_starknet_mock::minigame_starknet_mock::__wrapper__ObjectivesImpl__objectives
FNDA:0,game_components_test_starknet::minigame::mocks::minigame_starknet_mock::minigame_starknet_mock::__wrapper__ObjectivesImpl__objectives
FN:158,game_components_test_starknet::minigame::mocks::minigame_starknet_mock::minigame_starknet_mock::__wrapper__SettingsImpl__settings
FNDA:0,game_components_test_starknet::minigame::mocks::minigame_starknet_mock::minigame_starknet_mock::__wrapper__SettingsImpl__settings
FN:153,game_components_test_starknet::minigame::mocks::minigame_starknet_mock::minigame_starknet_mock::__wrapper__SettingsImpl__settings_exist
FNDA:1,game_components_test_starknet::minigame::mocks::minigame_starknet_mock::minigame_starknet_mock::__wrapper__SettingsImpl__settings_exist
FN:84,game_components_test_starknet::minigame::mocks::minigame_starknet_mock::minigame_starknet_mock::unsafe_new_contract_state
FNDA:1,game_components_test_starknet::minigame::mocks::minigame_starknet_mock::minigame_starknet_mock::unsafe_new_contract_state
FN:138,game_components_test_starknet::minigame::mocks::minigame_starknet_mock::write_macro
FNDA:1,game_components_test_starknet::minigame::mocks::minigame_starknet_mock::write_macro
FNF:48
FNH:34
DA:3,4
DA:26,1
DA:68,0
DA:69,0
DA:70,0
DA:71,1
DA:73,0
DA:79,0
DA:84,1
DA:86,1
DA:88,1
DA:90,1
DA:126,1
DA:127,1
DA:130,1
DA:131,1
DA:137,0
DA:138,2
DA:141,0
DA:142,1
DA:144,2
DA:153,1
DA:154,1
DA:158,0
DA:159,1
DA:160,0
DA:165,0
DA:166,0
DA:175,1
DA:176,0
DA:180,1
DA:181,1
DA:182,1
DA:183,1
DA:186,0
DA:187,0
DA:188,0
DA:191,1
DA:192,0
DA:193,0
DA:195,0
DA:198,0
DA:201,0
DA:204,0
DA:210,1
DA:224,1
DA:225,1
DA:226,1
DA:230,0
DA:231,1
DA:232,1
DA:236,0
DA:237,1
DA:238,1
DA:241,1
DA:242,1
DA:248,0
DA:249,1
DA:252,1
DA:253,1
DA:254,1
DA:257,1
DA:258,0
DA:259,1
DA:261,1
DA:262,1
DA:264,1
DA:268,1
DA:269,2
DA:270,1
DA:274,1
DA:277,1
DA:278,1
DA:280,1
DA:281,1
DA:284,1
DA:285,1
DA:287,1
DA:288,3
DA:291,1
DA:297,0
DA:298,1
DA:305,1
DA:322,0
DA:323,1
DA:326,1
DA:346,1
DA:347,1
DA:350,1
DA:351,0
DA:363,1
DA:364,1
DA:367,1
DA:368,0
DA:369,0
DA:370,0
LF:96
LH:65
end_of_record
TN:
SF:/workspace/game-components/packages/test_starknet/src/minigame/mocks/mock_objectives_contract.cairo
FN:33,game_components_test_starknet::minigame::mocks::mock_objectives_contract::MockObjectivesContract::ContractStateEventEmitter::emit
FNDA:0,game_components_test_starknet::minigame::mocks::mock_objectives_contract::MockObjectivesContract::ContractStateEventEmitter::emit
FN:47,game_components_test_starknet::minigame::mocks::mock_objectives_contract::MockObjectivesContract::ContractStateSRC5Impl::unsafe_new_contract_state
FNDA:0,game_components_test_starknet::minigame::mocks::mock_objectives_contract::MockObjectivesContract::ContractStateSRC5Impl::unsafe_new_contract_state
FN:62,game_components_test_starknet::minigame::mocks::mock_objectives_contract::MockObjectivesContract::EventIsEvent::append_keys_and_data
FNDA:0,game_components_test_starknet::minigame::mocks::mock_objectives_contract::MockObjectivesContract::EventIsEvent::append_keys_and_data
FN:45,game_components_test_starknet::minigame::mocks::mock_objectives_contract::MockObjectivesContract::HasComponentImpl_SRC5Component::get_component
FNDA:0,game_components_test_starknet::minigame::mocks::mock_objectives_contract::MockObjectivesContract::HasComponentImpl_SRC5Component::get_component
FN:69,game_components_test_starknet::minigame::mocks::mock_objectives_contract::MockObjectivesContract::ObjectiveCreatedIsEvent::append_keys_and_data
FNDA:0,game_components_test_starknet::minigame::mocks::mock_objectives_contract::MockObjectivesContract::ObjectiveCreatedIsEvent::append_keys_and_data
FN:153,game_components_test_starknet::minigame::mocks::mock_objectives_contract::MockObjectivesContract::ObjectivesImpl::completed_objective
FNDA:0,game_components_test_starknet::minigame::mocks::mock_objectives_contract::MockObjectivesContract::ObjectivesImpl::completed_objective
FN:149,game_components_test_starknet::minigame::mocks::mock_objectives_contract::MockObjectivesContract::ObjectivesImpl::objective_exists
FNDA:0,game_components_test_starknet::minigame::mocks::mock_objectives_contract::MockObjectivesContract::ObjectivesImpl::objective_exists
FN:161,game_components_test_starknet::minigame::mocks::mock_objectives_contract::MockObjectivesContract::ObjectivesImpl::objectives
FNDA:0,game_components_test_starknet::minigame::mocks::mock_objectives_contract::MockObjectivesContract::ObjectivesImpl::objectives
FN:239,game_components_test_starknet::minigame::mocks::mock_objectives_contract::MockObjectivesContract::ObjectivesSetterImpl::complete_objective
FNDA:0,game_components_test_starknet::minigame::mocks::mock_objectives_contract::MockObjectivesContract::ObjectivesSetterImpl::complete_objective
FN:210,game_components_test_starknet::minigame::mocks::mock_objectives_contract::MockObjectivesContract::ObjectivesSetterImpl::create_objective
FNDA:0,game_components_test_starknet::minigame::mocks::mock_objectives_contract::MockObjectivesContract::ObjectivesSetterImpl::create_objective
FN:244,game_components_test_starknet::minigame::mocks::mock_objectives_contract::MockObjectivesContract::ObjectivesSetterImpl::get_objective_ids
FNDA:0,game_components_test_starknet::minigame::mocks::mock_objectives_contract::MockObjectivesContract::ObjectivesSetterImpl::get_objective_ids
FN:152,game_components_test_starknet::minigame::mocks::mock_objectives_contract::MockObjectivesContract::__wrapper__ObjectivesImpl__completed_objective
FNDA:0,game_components_test_starknet::minigame::mocks::mock_objectives_contract::MockObjectivesContract::__wrapper__ObjectivesImpl__completed_objective
FN:148,game_components_test_starknet::minigame::mocks::mock_objectives_contract::MockObjectivesContract::__wrapper__ObjectivesImpl__objective_exists
FNDA:0,game_components_test_starknet::minigame::mocks::mock_objectives_contract::MockObjectivesContract::__wrapper__ObjectivesImpl__objective_exists
FN:156,game_components_test_starknet::minigame::mocks::mock_objectives_contract::MockObjectivesContract::__wrapper__ObjectivesImpl__objectives
FNDA:0,game_components_test_starknet::minigame::mocks::mock_objectives_contract::MockObjectivesContract::__wrapper__ObjectivesImpl__objectives
FN:191,game_components_test_starknet::minigame::mocks::mock_objectives_contract::MockObjectivesContract::__wrapper__ObjectivesSVGImpl__objectives_svg
FNDA:0,game_components_test_starknet::minigame::mocks::mock_objectives_contract::MockObjectivesContract::__wrapper__ObjectivesSVGImpl__objectives_svg
FN:238,game_components_test_starknet::minigame::mocks::mock_objectives_contract::MockObjectivesContract::__wrapper__ObjectivesSetterImpl__complete_objective
FNDA:0,game_components_test_starknet::minigame::mocks::mock_objectives_contract::MockObjectivesContract::__wrapper__ObjectivesSetterImpl__complete_objective
FN:199,game_components_test_starknet::minigame::mocks::mock_objectives_contract::MockObjectivesContract::__wrapper__ObjectivesSetterImpl__create_objective
FNDA:0,game_components_test_starknet::minigame::mocks::mock_objectives_contract::MockObjectivesContract::__wrapper__ObjectivesSetterImpl__create_objective
FN:242,game_components_test_starknet::minigame::mocks::mock_objectives_contract::MockObjectivesContract::__wrapper__ObjectivesSetterImpl__get_objective_ids
FNDA:0,game_components_test_starknet::minigame::mocks::mock_objectives_contract::MockObjectivesContract::__wrapper__ObjectivesSetterImpl__get_objective_ids
FN:78,game_components_test_starknet::minigame::mocks::mock_objectives_contract::MockObjectivesContract::__wrapper__constructor
FNDA:0,game_components_test_starknet::minigame::mocks::mock_objectives_contract::MockObjectivesContract::__wrapper__constructor
FN:81,game_components_test_starknet::minigame::mocks::mock_objectives_contract::MockObjectivesContract::constructor
FNDA:0,game_components_test_starknet::minigame::mocks::mock_objectives_contract::MockObjectivesContract::constructor
FN:53,game_components_test_starknet::minigame::mocks::mock_objectives_contract::MockObjectivesContract::unsafe_new_contract_state
FNDA:0,game_components_test_starknet::minigame::mocks::mock_objectives_contract::MockObjectivesContract::unsafe_new_contract_state
FN:8,game_components_test_starknet::minigame::mocks::mock_objectives_contract::StoreObjectiveDetails::read
FNDA:0,game_components_test_starknet::minigame::mocks::mock_objectives_contract::StoreObjectiveDetails::read
FN:8,game_components_test_starknet::minigame::mocks::mock_objectives_contract::StoreObjectiveDetails::write
FNDA:0,game_components_test_starknet::minigame::mocks::mock_objectives_contract::StoreObjectiveDetails::write
FN:158,game_components_test_starknet::minigame::mocks::mock_objectives_contract::array_inline_macro
FNDA:0,game_components_test_starknet::minigame::mocks::mock_objectives_contract::array_inline_macro
FN:208,game_components_test_starknet::minigame::mocks::mock_objectives_contract::assert_macro
FNDA:0,game_components_test_starknet::minigame::mocks::mock_objectives_contract::assert_macro
FN:192,game_components_test_starknet::minigame::mocks::mock_objectives_contract::format_macro
FNDA:0,game_components_test_starknet::minigame::mocks::mock_objectives_contract::format_macro
FN:192,game_components_test_starknet::minigame::mocks::mock_objectives_contract::write_macro
FNDA:0,game_components_test_starknet::minigame::mocks::mock_objectives_contract::write_macro
FNF:27
FNH:0
DA:8,0
DA:33,0
DA:45,0
DA:47,0
DA:53,0
DA:62,0
DA:69,0
DA:78,0
DA:81,0
DA:84,0
DA:85,0
DA:92,0
DA:93,0
DA:99,0
DA:100,0
DA:107,0
DA:108,0
DA:114,0
DA:115,0
DA:122,0
DA:123,0
DA:129,0
DA:130,0
DA:137,0
DA:138,0
DA:148,0
DA:149,0
DA:152,0
DA:153,0
DA:156,0
DA:158,0
DA:161,0
DA:162,0
DA:163,0
DA:164,0
DA:166,0
DA:169,0
DA:170,0
DA:171,0
DA:172,0
DA:174,0
DA:177,0
DA:178,0
DA:179,0
DA:180,0
DA:182,0
DA:185,0
DA:191,0
DA:192,0
DA:199,0
DA:208,0
DA:210,0
DA:211,0
DA:218,0
DA:219,0
DA:226,0
DA:232,0
DA:233,0
DA:238,0
DA:239,0
DA:242,0
DA:244,0
LF:62
LH:0
end_of_record
TN:
SF:/workspace/game-components/packages/test_starknet/src/minigame/mocks/mock_settings_contract.cairo
FN:7,game_components_test_starknet::minigame::mocks::mock_settings_contract::ISettingsSetterDispatcherImpl::create_test_settings
FNDA:1,game_components_test_starknet::minigame::mocks::mock_settings_contract::ISettingsSetterDispatcherImpl::create_test_settings
FN:14,game_components_test_starknet::minigame::mocks::mock_settings_contract::MockSettingsContract::ContractStateEventEmitter::emit
FNDA:1,game_components_test_starknet::minigame::mocks::mock_settings_contract::MockSettingsContract::ContractStateEventEmitter::emit
FN:27,game_components_test_starknet::minigame::mocks::mock_settings_contract::MockSettingsContract::ContractStateSRC5Impl::unsafe_new_contract_state
FNDA:0,game_components_test_starknet::minigame::mocks::mock_settings_contract::MockSettingsContract::ContractStateSRC5Impl::unsafe_new_contract_state
FN:47,game_components_test_starknet::minigame::mocks::mock_settings_contract::MockSettingsContract::EventIsEvent::append_keys_and_data
FNDA:1,game_components_test_starknet::minigame::mocks::mock_settings_contract::MockSettingsContract::EventIsEvent::append_keys_and_data
FN:25,game_components_test_starknet::minigame::mocks::mock_settings_contract::MockSettingsContract::HasComponentImpl_SRC5Component::get_component
FNDA:0,game_components_test_starknet::minigame::mocks::mock_settings_contract::MockSettingsContract::HasComponentImpl_SRC5Component::get_component
FN:54,game_components_test_starknet::minigame::mocks::mock_settings_contract::MockSettingsContract::SettingsCreatedIsEvent::append_keys_and_data
FNDA:1,game_components_test_starknet::minigame::mocks::mock_settings_contract::MockSettingsContract::SettingsCreatedIsEvent::append_keys_and_data
FN:98,game_components_test_starknet::minigame::mocks::mock_settings_contract::MockSettingsContract::SettingsImpl::settings
FNDA:1,game_components_test_starknet::minigame::mocks::mock_settings_contract::MockSettingsContract::SettingsImpl::settings
FN:92,game_components_test_starknet::minigame::mocks::mock_settings_contract::MockSettingsContract::SettingsImpl::settings_exist
FNDA:1,game_components_test_starknet::minigame::mocks::mock_settings_contract::MockSettingsContract::SettingsImpl::settings_exist
FN:125,game_components_test_starknet::minigame::mocks::mock_settings_contract::MockSettingsContract::SettingsSVGImpl::settings_svg
FNDA:1,game_components_test_starknet::minigame::mocks::mock_settings_contract::MockSettingsContract::SettingsSVGImpl::settings_svg
FN:137,game_components_test_starknet::minigame::mocks::mock_settings_contract::MockSettingsContract::SettingsSetterImpl::create_test_settings
FNDA:1,game_components_test_starknet::minigame::mocks::mock_settings_contract::MockSettingsContract::SettingsSetterImpl::create_test_settings
FN:95,game_components_test_starknet::minigame::mocks::mock_settings_contract::MockSettingsContract::__wrapper__SettingsImpl__settings
FNDA:1,game_components_test_starknet::minigame::mocks::mock_settings_contract::MockSettingsContract::__wrapper__SettingsImpl__settings
FN:91,game_components_test_starknet::minigame::mocks::mock_settings_contract::MockSettingsContract::__wrapper__SettingsImpl__settings_exist
FNDA:1,game_components_test_starknet::minigame::mocks::mock_settings_contract::MockSettingsContract::__wrapper__SettingsImpl__settings_exist
FN:124,game_components_test_starknet::minigame::mocks::mock_settings_contract::MockSettingsContract::__wrapper__SettingsSVGImpl__settings_svg
FNDA:1,game_components_test_starknet::minigame::mocks::mock_settings_contract::MockSettingsContract::__wrapper__SettingsSVGImpl__settings_svg
FN:134,game_components_test_starknet::minigame::mocks::mock_settings_contract::MockSettingsContract::__wrapper__SettingsSetterImpl__create_test_settings
FNDA:1,game_components_test_starknet::minigame::mocks::mock_settings_contract::MockSettingsContract::__wrapper__SettingsSetterImpl__create_test_settings
FN:63,game_components_test_starknet::minigame::mocks::mock_settings_contract::MockSettingsContract::__wrapper__constructor
FNDA:1,game_components_test_starknet::minigame::mocks::mock_settings_contract::MockSettingsContract::__wrapper__constructor
FN:66,game_components_test_starknet::minigame::mocks::mock_settings_contract::MockSettingsContract::constructor
FNDA:1,game_components_test_starknet::minigame::mocks::mock_settings_contract::MockSettingsContract::constructor
FN:33,game_components_test_starknet::minigame::mocks::mock_settings_contract::MockSettingsContract::unsafe_new_contract_state
FNDA:0,game_components_test_starknet::minigame::mocks::mock_settings_contract::MockSettingsContract::unsafe_new_contract_state
FN:102,game_components_test_starknet::minigame::mocks::mock_settings_contract::array_inline_macro
FNDA:1,game_components_test_starknet::minigame::mocks::mock_settings_contract::array_inline_macro
FN:96,game_components_test_starknet::minigame::mocks::mock_settings_contract::assert_macro
FNDA:1,game_components_test_starknet::minigame::mocks::mock_settings_contract::assert_macro
FN:96,game_components_test_starknet::minigame::mocks::mock_settings_contract::write_macro
FNDA:1,game_components_test_starknet::minigame::mocks::mock_settings_contract::write_macro
FNF:20
FNH:17
DA:7,1
DA:14,1
DA:25,0
DA:27,0
DA:33,0
DA:47,1
DA:54,1
DA:63,1
DA:66,1
DA:69,1
DA:70,1
DA:71,1
DA:72,1
DA:73,1
DA:74,1
DA:75,1
DA:76,1
DA:78,1
DA:79,1
DA:80,1
DA:81,1
DA:82,1
DA:83,1
DA:84,1
DA:85,1
DA:91,1
DA:92,1
DA:95,1
DA:96,2
DA:98,1
DA:99,1
DA:102,1
DA:103,1
DA:106,1
DA:107,1
DA:111,1
DA:112,1
DA:113,1
DA:115,1
DA:118,1
DA:124,1
DA:125,1
DA:127,1
DA:134,1
DA:137,1
DA:138,1
DA:139,1
DA:142,1
DA:143,1
DA:146,1
DA:147,1
DA:151,1
DA:152,1
DA:153,1
DA:155,1
DA:159,1
DA:164,1
DA:165,1
LF:58
LH:55
end_of_record
TN:
SF:/workspace/game-components/packages/test_starknet/src/minigame/test_minigame.cairo
FN:13,game_components_test_starknet::minigame::test_minigame::GAME_DEVELOPER
FNDA:1,game_components_test_starknet::minigame::test_minigame::GAME_DEVELOPER
FN:19,game_components_test_starknet::minigame::test_minigame::GAME_GENRE
FNDA:1,game_components_test_starknet::minigame::test_minigame::GAME_GENRE
FN:10,game_components_test_starknet::minigame::test_minigame::GAME_NAME
FNDA:1,game_components_test_starknet::minigame::test_minigame::GAME_NAME
FN:16,game_components_test_starknet::minigame::test_minigame::GAME_PUBLISHER
FNDA:1,game_components_test_starknet::minigame::test_minigame::GAME_PUBLISHER
FN:57,game_components_test_starknet::minigame::test_minigame::assert_macro
FNDA:1,game_components_test_starknet::minigame::test_minigame::assert_macro
FN:3,game_components_test_starknet::minigame::test_minigame::test_mint_basic_return_wrapper
FNDA:1,game_components_test_starknet::minigame::test_minigame::test_mint_basic_return_wrapper
FN:57,game_components_test_starknet::minigame::test_minigame::write_macro
FNDA:0,game_components_test_starknet::minigame::test_minigame::write_macro
FNF:7
FNH:6
DA:3,1
DA:10,1
DA:12,1
DA:13,1
DA:15,1
DA:16,1
DA:19,1
DA:20,1
DA:23,1
DA:24,1
DA:25,1
DA:26,1
DA:27,1
DA:28,1
DA:43,1
DA:57,1
LF:16
LH:16
end_of_record
TN:
SF:/workspace/game-components/packages/test_starknet/src/minigame/unit/test_minigame_component.cairo
FN:8,game_components_test_starknet::minigame::unit::test_minigame_component::array_inline_macro
FNDA:0,game_components_test_starknet::minigame::unit::test_minigame_component::array_inline_macro
FN:41,game_components_test_starknet::minigame::unit::test_minigame_component::assert_macro
FNDA:1,game_components_test_starknet::minigame::unit::test_minigame_component::assert_macro
FN:3,game_components_test_starknet::minigame::unit::test_minigame_component::test_get_objectives_address_return_wrapper
FNDA:1,game_components_test_starknet::minigame::unit::test_minigame_component::test_get_objectives_address_return_wrapper
FN:3,game_components_test_starknet::minigame::unit::test_minigame_component::test_get_settings_address_return_wrapper
FNDA:1,game_components_test_starknet::minigame::unit::test_minigame_component::test_get_settings_address_return_wrapper
FN:3,game_components_test_starknet::minigame::unit::test_minigame_component::test_get_token_address_return_wrapper
FNDA:1,game_components_test_starknet::minigame::unit::test_minigame_component::test_get_token_address_return_wrapper
FN:3,game_components_test_starknet::minigame::unit::test_minigame_component::test_initialize_with_all_addresses_return_wrapper
FNDA:1,game_components_test_starknet::minigame::unit::test_minigame_component::test_initialize_with_all_addresses_return_wrapper
FN:3,game_components_test_starknet::minigame::unit::test_minigame_component::test_initialize_with_optional_zero_return_wrapper
FNDA:1,game_components_test_starknet::minigame::unit::test_minigame_component::test_initialize_with_optional_zero_return_wrapper
FN:4,game_components_test_starknet::minigame::unit::test_minigame_component::test_pre_action_with_expired_token_return_wrapper
FNDA:1,game_components_test_starknet::minigame::unit::test_minigame_component::test_pre_action_with_expired_token_return_wrapper
FN:3,game_components_test_starknet::minigame::unit::test_minigame_component::test_pre_action_with_owned_token_return_wrapper
FNDA:1,game_components_test_starknet::minigame::unit::test_minigame_component::test_pre_action_with_owned_token_return_wrapper
FN:3,game_components_test_starknet::minigame::unit::test_minigame_component::test_pre_action_with_unowned_but_playable_token_return_wrapper
FNDA:1,game_components_test_starknet::minigame::unit::test_minigame_component::test_pre_action_with_unowned_but_playable_token_return_wrapper
FN:41,game_components_test_starknet::minigame::unit::test_minigame_component::write_macro
FNDA:0,game_components_test_starknet::minigame::unit::test_minigame_component::write_macro
FNF:11
FNH:9
DA:3,7
DA:4,1
DA:8,0
DA:11,0
DA:12,2
DA:14,2
DA:15,4
DA:16,1
DA:18,2
DA:19,2
DA:20,5
DA:21,2
DA:22,1
DA:23,4
DA:24,4
DA:25,4
DA:26,4
DA:27,6
DA:28,8
DA:29,5
DA:30,5
DA:31,5
DA:32,3
DA:33,2
DA:36,1
DA:37,1
DA:38,2
DA:39,3
DA:40,1
DA:41,2
DA:42,1
DA:43,1
DA:44,1
DA:45,1
DA:47,1
DA:48,1
DA:54,1
DA:55,2
DA:56,2
DA:57,1
DA:71,1
DA:74,1
LF:42
LH:40
end_of_record
TN:
SF:/workspace/game-components/packages/test_starknet/src/minigame/unit/test_settings_component.cairo
FN:8,game_components_test_starknet::minigame::unit::test_settings_component::array_inline_macro
FNDA:1,game_components_test_starknet::minigame::unit::test_settings_component::array_inline_macro
FN:14,game_components_test_starknet::minigame::unit::test_settings_component::assert_macro
FNDA:1,game_components_test_starknet::minigame::unit::test_settings_component::assert_macro
FN:3,game_components_test_starknet::minigame::unit::test_settings_component::test_create_settings_50_items_return_wrapper
FNDA:1,game_components_test_starknet::minigame::unit::test_settings_component::test_create_settings_50_items_return_wrapper
FN:3,game_components_test_starknet::minigame::unit::test_settings_component::test_create_settings_empty_name_return_wrapper
FNDA:1,game_components_test_starknet::minigame::unit::test_settings_component::test_create_settings_empty_name_return_wrapper
FN:3,game_components_test_starknet::minigame::unit::test_settings_component::test_create_settings_valid_data_return_wrapper
FNDA:1,game_components_test_starknet::minigame::unit::test_settings_component::test_create_settings_valid_data_return_wrapper
FN:4,game_components_test_starknet::minigame::unit::test_settings_component::test_get_settings_nonexistent_id_return_wrapper
FNDA:1,game_components_test_starknet::minigame::unit::test_settings_component::test_get_settings_nonexistent_id_return_wrapper
FN:3,game_components_test_starknet::minigame::unit::test_settings_component::test_get_settings_valid_id_return_wrapper
FNDA:1,game_components_test_starknet::minigame::unit::test_settings_component::test_get_settings_valid_id_return_wrapper
FN:3,game_components_test_starknet::minigame::unit::test_settings_component::test_initialize_settings_component_return_wrapper
FNDA:1,game_components_test_starknet::minigame::unit::test_settings_component::test_initialize_settings_component_return_wrapper
FN:3,game_components_test_starknet::minigame::unit::test_settings_component::test_settings_exist_invalid_id_return_wrapper
FNDA:1,game_components_test_starknet::minigame::unit::test_settings_component::test_settings_exist_invalid_id_return_wrapper
FN:3,game_components_test_starknet::minigame::unit::test_settings_component::test_settings_exist_valid_id_return_wrapper
FNDA:1,game_components_test_starknet::minigame::unit::test_settings_component::test_settings_exist_valid_id_return_wrapper
FN:3,game_components_test_starknet::minigame::unit::test_settings_component::test_settings_svg_return_wrapper
FNDA:1,game_components_test_starknet::minigame::unit::test_settings_component::test_settings_svg_return_wrapper
FN:14,game_components_test_starknet::minigame::unit::test_settings_component::write_macro
FNDA:0,game_components_test_starknet::minigame::unit::test_settings_component::write_macro
FNF:12
FNH:11
DA:3,8
DA:4,1
DA:8,0
DA:11,8
DA:14,4
DA:15,3
DA:16,7
DA:17,3
DA:18,2
DA:19,3
DA:20,2
DA:21,2
DA:22,1
DA:23,2
DA:24,3
DA:25,3
DA:26,1
DA:27,1
DA:29,2
DA:30,1
DA:31,2
DA:32,1
DA:33,1
DA:35,1
DA:38,1
DA:39,1
LF:26
LH:25
end_of_record
TN:
SF:/workspace/game-components/packages/test_starknet/src/token/mocks/mock_game.cairo
FN:1,game_components_test_starknet::token::mocks::mock_game::IMockGameDispatcherImpl::set_game_over
FNDA:1,game_components_test_starknet::token::mocks::mock_game::IMockGameDispatcherImpl::set_game_over
FN:1,game_components_test_starknet::token::mocks::mock_game::IMockGameDispatcherImpl::set_score
FNDA:1,game_components_test_starknet::token::mocks::mock_game::IMockGameDispatcherImpl::set_score
FN:60,game_components_test_starknet::token::mocks::mock_game::MockGame::ContractStateSRC5Impl::unsafe_new_contract_state
FNDA:0,game_components_test_starknet::token::mocks::mock_game::MockGame::ContractStateSRC5Impl::unsafe_new_contract_state
FN:16,game_components_test_starknet::token::mocks::mock_game::MockGame::HasComponentImpl_SRC5Component::get_component
FNDA:1,game_components_test_starknet::token::mocks::mock_game::MockGame::HasComponentImpl_SRC5Component::get_component
FN:45,game_components_test_starknet::token::mocks::mock_game::MockGame::MinigameTokenDataImpl::game_over
FNDA:1,game_components_test_starknet::token::mocks::mock_game::MockGame::MinigameTokenDataImpl::game_over
FN:41,game_components_test_starknet::token::mocks::mock_game::MockGame::MinigameTokenDataImpl::score
FNDA:1,game_components_test_starknet::token::mocks::mock_game::MockGame::MinigameTokenDataImpl::score
FN:56,game_components_test_starknet::token::mocks::mock_game::MockGame::MockGameImpl::set_game_over
FNDA:1,game_components_test_starknet::token::mocks::mock_game::MockGame::MockGameImpl::set_game_over
FN:52,game_components_test_starknet::token::mocks::mock_game::MockGame::MockGameImpl::set_score
FNDA:1,game_components_test_starknet::token::mocks::mock_game::MockGame::MockGameImpl::set_score
FN:44,game_components_test_starknet::token::mocks::mock_game::MockGame::__wrapper__MinigameTokenDataImpl__game_over
FNDA:1,game_components_test_starknet::token::mocks::mock_game::MockGame::__wrapper__MinigameTokenDataImpl__game_over
FN:40,game_components_test_starknet::token::mocks::mock_game::MockGame::__wrapper__MinigameTokenDataImpl__score
FNDA:1,game_components_test_starknet::token::mocks::mock_game::MockGame::__wrapper__MinigameTokenDataImpl__score
FN:55,game_components_test_starknet::token::mocks::mock_game::MockGame::__wrapper__MockGameImpl__set_game_over
FNDA:1,game_components_test_starknet::token::mocks::mock_game::MockGame::__wrapper__MockGameImpl__set_game_over
FN:51,game_components_test_starknet::token::mocks::mock_game::MockGame::__wrapper__MockGameImpl__set_score
FNDA:1,game_components_test_starknet::token::mocks::mock_game::MockGame::__wrapper__MockGameImpl__set_score
FN:33,game_components_test_starknet::token::mocks::mock_game::MockGame::__wrapper__constructor
FNDA:1,game_components_test_starknet::token::mocks::mock_game::MockGame::__wrapper__constructor
FN:35,game_components_test_starknet::token::mocks::mock_game::MockGame::constructor
FNDA:1,game_components_test_starknet::token::mocks::mock_game::MockGame::constructor
FN:20,game_components_test_starknet::token::mocks::mock_game::MockGame::unsafe_new_contract_state
FNDA:0,game_components_test_starknet::token::mocks::mock_game::MockGame::unsafe_new_contract_state
FNF:15
FNH:13
DA:1,2
DA:16,1
DA:20,0
DA:33,1
DA:35,1
DA:40,1
DA:41,1
DA:44,1
DA:45,1
DA:51,1
DA:52,1
DA:55,1
DA:56,1
DA:60,0
LF:14
LH:12
end_of_record
TN:
SF:/workspace/game-components/packages/test_starknet/src/token/setup.cairo
FN:82,game_components_test_starknet::token::setup::array_inline_macro
FNDA:1,game_components_test_starknet::token::setup::array_inline_macro
FN:92,game_components_test_starknet::token::setup::deploy_basic_mock_game
FNDA:1,game_components_test_starknet::token::setup::deploy_basic_mock_game
FN:114,game_components_test_starknet::token::setup::deploy_minigame_registry_contract
FNDA:1,game_components_test_starknet::token::setup::deploy_minigame_registry_contract
FN:124,game_components_test_starknet::token::setup::deploy_minigame_registry_contract_with_params
FNDA:1,game_components_test_starknet::token::setup::deploy_minigame_registry_contract_with_params
FN:516,game_components_test_starknet::token::setup::deploy_minimal_optimized_contract
FNDA:1,game_components_test_starknet::token::setup::deploy_minimal_optimized_contract
FN:150,game_components_test_starknet::token::setup::deploy_mock_context_provider
FNDA:0,game_components_test_starknet::token::setup::deploy_mock_context_provider
FN:81,game_components_test_starknet::token::setup::deploy_mock_game
FNDA:1,game_components_test_starknet::token::setup::deploy_mock_game
FN:182,game_components_test_starknet::token::setup::deploy_mock_game_standalone
FNDA:1,game_components_test_starknet::token::setup::deploy_mock_game_standalone
FN:104,game_components_test_starknet::token::setup::deploy_mock_metagame_contract
FNDA:1,game_components_test_starknet::token::setup::deploy_mock_metagame_contract
FN:159,game_components_test_starknet::token::setup::deploy_mock_metagame_with_context
FNDA:0,game_components_test_starknet::token::setup::deploy_mock_metagame_with_context
FN:498,game_components_test_starknet::token::setup::deploy_mock_settings_contract
FNDA:1,game_components_test_starknet::token::setup::deploy_mock_settings_contract
FN:211,game_components_test_starknet::token::setup::deploy_full_token_contract
FNDA:1,game_components_test_starknet::token::setup::deploy_full_token_contract
FN:337,game_components_test_starknet::token::setup::deploy_optimized_token_custom_metadata
FNDA:1,game_components_test_starknet::token::setup::deploy_optimized_token_custom_metadata
FN:286,game_components_test_starknet::token::setup::deploy_optimized_token_default
FNDA:1,game_components_test_starknet::token::setup::deploy_optimized_token_default
FN:295,game_components_test_starknet::token::setup::deploy_optimized_token_with_game
FNDA:1,game_components_test_starknet::token::setup::deploy_optimized_token_with_game
FN:323,game_components_test_starknet::token::setup::deploy_optimized_token_with_registry
FNDA:1,game_components_test_starknet::token::setup::deploy_optimized_token_with_registry
[...]
FN:77,game_components_token::extensions::objectives::objectives::ObjectivesComponent::__wrapper__ObjectivesImpl__objectives
FNDA:1,game_components_token::extensions::objectives::objectives::ObjectivesComponent::__wrapper__ObjectivesImpl__objectives
FN:110,game_components_token::extensions::objectives::objectives::array_inline_macro
FNDA:1,game_components_token::extensions::objectives::objectives::array_inline_macro
FN:146,game_components_token::extensions::objectives::objectives::assert_macro
FNDA:1,game_components_token::extensions::objectives::objectives::assert_macro
FN:172,game_components_token::extensions::objectives::objectives::get_dep_component_inline_macro
FNDA:0,game_components_token::extensions::objectives::objectives::get_dep_component_inline_macro
FN:146,game_components_token::extensions::objectives::objectives::write_macro
FNDA:1,game_components_token::extensions::objectives::objectives::write_macro
FNF:26
FNH:23
DA:37,1
DA:45,1
DA:52,1
DA:59,1
DA:66,1
DA:77,2
DA:80,1
DA:81,1
DA:84,1
DA:85,1
DA:86,1
DA:87,1
DA:93,2
DA:94,1
DA:95,1
DA:98,1
DA:99,1
DA:100,1
DA:101,1
DA:104,0
DA:107,1
DA:109,1
DA:110,1
DA:113,1
DA:114,0
DA:115,0
DA:116,0
DA:119,0
DA:124,1
DA:132,0
DA:134,0
DA:138,0
DA:139,0
DA:144,1
DA:145,1
DA:146,2
DA:147,1
DA:151,2
DA:152,1
DA:171,0
DA:172,0
DA:173,0
DA:175,0
DA:181,1
DA:183,0
DA:188,2
DA:189,1
DA:198,1
DA:199,0
DA:202,0
DA:203,2
DA:204,1
DA:207,1
DA:211,1
DA:215,0
DA:217,1
DA:218,1
DA:221,1
DA:223,1
DA:232,1
DA:235,0
DA:238,1
DA:244,1
DA:246,1
DA:254,1
DA:255,1
DA:260,1
DA:262,1
DA:263,1
DA:272,1
DA:277,0
DA:280,1
DA:282,1
DA:285,1
DA:287,1
DA:290,1
DA:291,1
DA:311,0
DA:312,1
DA:327,0
DA:328,0
DA:331,1
DA:332,1
DA:333,1
DA:334,1
LF:85
LH:63
end_of_record
TN:
SF:/workspace/game-components/packages/token/src/extensions/renderer/renderer.cairo
FN:17,game_components_token::extensions::renderer::renderer::RendererComponent::EventIsEvent::append_keys_and_data
FNDA:1,game_components_token::extensions::renderer::renderer::RendererComponent::EventIsEvent::append_keys_and_data
FN:77,game_components_token::extensions::renderer::renderer::RendererComponent::InternalImpl::set_renderer
FNDA:1,game_components_token::extensions::renderer::renderer::RendererComponent::InternalImpl::set_renderer
FN:33,game_components_token::extensions::renderer::renderer::RendererComponent::Renderer::get_renderer
FNDA:0,game_components_token::extensions::renderer::renderer::RendererComponent::Renderer::get_renderer
FN:37,game_components_token::extensions::renderer::renderer::RendererComponent::Renderer::has_custom_renderer
FNDA:1,game_components_token::extensions::renderer::renderer::RendererComponent::Renderer::has_custom_renderer
FN:32,game_components_token::extensions::renderer::renderer::RendererComponent::RendererImpl::get_renderer
FNDA:1,game_components_token::extensions::renderer::renderer::RendererComponent::RendererImpl::get_renderer
FN:36,game_components_token::extensions::renderer::renderer::RendererComponent::RendererImpl::has_custom_renderer
FNDA:1,game_components_token::extensions::renderer::renderer::RendererComponent::RendererImpl::has_custom_renderer
FN:47,game_components_token::extensions::renderer::renderer::RendererComponent::RendererOptionalImpl::get_token_renderer
FNDA:1,game_components_token::extensions::renderer::renderer::RendererComponent::RendererOptionalImpl::get_token_renderer
FN:55,game_components_token::extensions::renderer::renderer::RendererComponent::RendererOptionalImpl::set_token_renderer
FNDA:0,game_components_token::extensions::renderer::renderer::RendererComponent::RendererOptionalImpl::set_token_renderer
FN:22,game_components_token::extensions::renderer::renderer::RendererComponent::RendererSetIsEvent::append_keys_and_data
FNDA:1,game_components_token::extensions::renderer::renderer::RendererComponent::RendererSetIsEvent::append_keys_and_data
FN:32,game_components_token::extensions::renderer::renderer::RendererComponent::__wrapper__RendererImpl__get_renderer
FNDA:1,game_components_token::extensions::renderer::renderer::RendererComponent::__wrapper__RendererImpl__get_renderer
FN:36,game_components_token::extensions::renderer::renderer::RendererComponent::__wrapper__RendererImpl__has_custom_renderer
FNDA:1,game_components_token::extensions::renderer::renderer::RendererComponent::__wrapper__RendererImpl__has_custom_renderer
FNF:11
FNH:9
DA:17,1
DA:22,1
DA:32,2
DA:33,0
DA:36,2
DA:37,1
DA:47,1
DA:48,1
DA:55,0
DA:57,0
DA:58,0
DA:77,1
DA:79,1
LF:13
LH:9
end_of_record
TN:
SF:/workspace/game-components/packages/token/src/extensions/settings/interface.cairo
FN:7,game_components_token::extensions::settings::interface::IMinigameTokenSettingsDispatcherImpl::create_settings
FNDA:1,game_components_token::extensions::settings::interface::IMinigameTokenSettingsDispatcherImpl::create_settings
FNF:1
FNH:1
DA:7,1
LF:1
LH:1
end_of_record
TN:
SF:/workspace/game-components/packages/token/src/extensions/settings/settings.cairo
FN:27,game_components_token::extensions::settings::settings::SettingsComponent::EventIsEvent::append_keys_and_data
FNDA:1,game_components_token::extensions::settings::settings::SettingsComponent::EventIsEvent::append_keys_and_data
FN:130,game_components_token::extensions::settings::settings::SettingsComponent::InternalImpl::initializer
FNDA:1,game_components_token::extensions::settings::settings::SettingsComponent::InternalImpl::initializer
FN:57,game_components_token::extensions::settings::settings::SettingsComponent::Settings::create_settings
FNDA:1,game_components_token::extensions::settings::settings::SettingsComponent::Settings::create_settings
FN:32,game_components_token::extensions::settings::settings::SettingsComponent::SettingsCreatedIsEvent::append_keys_and_data
FNDA:1,game_components_token::extensions::settings::settings::SettingsComponent::SettingsCreatedIsEvent::append_keys_and_data
FN:48,game_components_token::extensions::settings::settings::SettingsComponent::SettingsImpl::create_settings
FNDA:0,game_components_token::extensions::settings::settings::SettingsComponent::SettingsImpl::create_settings
FN:90,game_components_token::extensions::settings::settings::SettingsComponent::SettingsOptionalImpl::validate_settings
FNDA:1,game_components_token::extensions::settings::settings::SettingsComponent::SettingsOptionalImpl::validate_settings
FN:48,game_components_token::extensions::settings::settings::SettingsComponent::__wrapper__SettingsImpl__create_settings
FNDA:1,game_components_token::extensions::settings::settings::SettingsComponent::__wrapper__SettingsImpl__create_settings
FN:60,game_components_token::extensions::settings::settings::assert_macro
FNDA:1,game_components_token::extensions::settings::settings::assert_macro
FN:91,game_components_token::extensions::settings::settings::get_dep_component_inline_macro
FNDA:1,game_components_token::extensions::settings::settings::get_dep_component_inline_macro
FN:60,game_components_token::extensions::settings::settings::write_macro
FNDA:1,game_components_token::extensions::settings::settings::write_macro
FNF:10
FNH:9
DA:27,1
DA:32,1
DA:48,1
DA:57,1
DA:58,1
DA:59,0
DA:60,2
DA:61,0
DA:66,1
DA:90,1
DA:91,1
DA:92,1
DA:93,1
DA:96,1
DA:98,1
DA:103,1
DA:104,1
DA:112,2
DA:113,1
DA:129,0
DA:130,1
LF:21
LH:18
end_of_record
TN:
SF:/workspace/game-components/packages/token/src/interface.cairo
FN:29,game_components_token::interface::IMinigameTokenMixinDispatcherImpl::all_objectives_completed
FNDA:0,game_components_token::interface::IMinigameTokenMixinDispatcherImpl::all_objectives_completed
FN:29,game_components_token::interface::IMinigameTokenMixinDispatcherImpl::game_address
FNDA:1,game_components_token::interface::IMinigameTokenMixinDispatcherImpl::game_address
FN:29,game_components_token::interface::IMinigameTokenMixinDispatcherImpl::game_registry_address
FNDA:1,game_components_token::interface::IMinigameTokenMixinDispatcherImpl::game_registry_address
FN:29,game_components_token::interface::IMinigameTokenMixinDispatcherImpl::get_minter_address
FNDA:1,game_components_token::interface::IMinigameTokenMixinDispatcherImpl::get_minter_address
FN:29,game_components_token::interface::IMinigameTokenMixinDispatcherImpl::get_minter_id
FNDA:1,game_components_token::interface::IMinigameTokenMixinDispatcherImpl::get_minter_id
FN:29,game_components_token::interface::IMinigameTokenMixinDispatcherImpl::get_renderer
FNDA:1,game_components_token::interface::IMinigameTokenMixinDispatcherImpl::get_renderer
FN:29,game_components_token::interface::IMinigameTokenMixinDispatcherImpl::has_custom_renderer
FNDA:1,game_components_token::interface::IMinigameTokenMixinDispatcherImpl::has_custom_renderer
FN:29,game_components_token::interface::IMinigameTokenMixinDispatcherImpl::is_playable
FNDA:1,game_components_token::interface::IMinigameTokenMixinDispatcherImpl::is_playable
FN:29,game_components_token::interface::IMinigameTokenMixinDispatcherImpl::is_soulbound
FNDA:1,game_components_token::interface::IMinigameTokenMixinDispatcherImpl::is_soulbound
FN:29,game_components_token::interface::IMinigameTokenMixinDispatcherImpl::mint
FNDA:1,game_components_token::interface::IMinigameTokenMixinDispatcherImpl::mint
FN:29,game_components_token::interface::IMinigameTokenMixinDispatcherImpl::minted_by
FNDA:1,game_components_token::interface::IMinigameTokenMixinDispatcherImpl::minted_by
FN:29,game_components_token::interface::IMinigameTokenMixinDispatcherImpl::minter_exists
FNDA:1,game_components_token::interface::IMinigameTokenMixinDispatcherImpl::minter_exists
FN:29,game_components_token::interface::IMinigameTokenMixinDispatcherImpl::objective_ids
FNDA:1,game_components_token::interface::IMinigameTokenMixinDispatcherImpl::objective_ids
FN:29,game_components_token::interface::IMinigameTokenMixinDispatcherImpl::objectives
FNDA:1,game_components_token::interface::IMinigameTokenMixinDispatcherImpl::objectives
FN:29,game_components_token::interface::IMinigameTokenMixinDispatcherImpl::objectives_count
FNDA:1,game_components_token::interface::IMinigameTokenMixinDispatcherImpl::objectives_count
FN:29,game_components_token::interface::IMinigameTokenMixinDispatcherImpl::player_name
FNDA:1,game_components_token::interface::IMinigameTokenMixinDispatcherImpl::player_name
FN:29,game_components_token::interface::IMinigameTokenMixinDispatcherImpl::renderer_address
FNDA:1,game_components_token::interface::IMinigameTokenMixinDispatcherImpl::renderer_address
FN:29,game_components_token::interface::IMinigameTokenMixinDispatcherImpl::set_token_metadata
FNDA:1,game_components_token::interface::IMinigameTokenMixinDispatcherImpl::set_token_metadata
FN:29,game_components_token::interface::IMinigameTokenMixinDispatcherImpl::settings_id
FNDA:1,game_components_token::interface::IMinigameTokenMixinDispatcherImpl::settings_id
FN:29,game_components_token::interface::IMinigameTokenMixinDispatcherImpl::token_metadata
FNDA:1,game_components_token::interface::IMinigameTokenMixinDispatcherImpl::token_metadata
FN:29,game_components_token::interface::IMinigameTokenMixinDispatcherImpl::total_minters
FNDA:1,game_components_token::interface::IMinigameTokenMixinDispatcherImpl::total_minters
FN:29,game_components_token::interface::IMinigameTokenMixinDispatcherImpl::update_game
FNDA:1,game_components_token::interface::IMinigameTokenMixinDispatcherImpl::update_game
FN:98,game_components_token::interface::ITokenEventRelayerDispatcherImpl::emit_all_objectives_completed
FNDA:0,game_components_token::interface::ITokenEventRelayerDispatcherImpl::emit_all_objectives_completed
FN:98,game_components_token::interface::ITokenEventRelayerDispatcherImpl::emit_client_url_set
FNDA:0,game_components_token::interface::ITokenEventRelayerDispatcherImpl::emit_client_url_set
FN:98,game_components_token::interface::ITokenEventRelayerDispatcherImpl::emit_creator_token_minted
FNDA:1,game_components_token::interface::ITokenEventRelayerDispatcherImpl::emit_creator_token_minted
FN:98,game_components_token::interface::ITokenEventRelayerDispatcherImpl::emit_event_relayer_address_update
FNDA:0,game_components_token::interface::ITokenEventRelayerDispatcherImpl::emit_event_relayer_address_update
FN:98,game_components_token::interface::ITokenEventRelayerDispatcherImpl::emit_game_address_update
FNDA:1,game_components_token::interface::ITokenEventRelayerDispatcherImpl::emit_game_address_update
FN:98,game_components_token::interface::ITokenEventRelayerDispatcherImpl::emit_game_counter_update
FNDA:0,game_components_token::interface::ITokenEventRelayerDispatcherImpl::emit_game_counter_update
FN:98,game_components_token::interface::ITokenEventRelayerDispatcherImpl::emit_game_id_mapping_update
FNDA:1,game_components_token::interface::ITokenEventRelayerDispatcherImpl::emit_game_id_mapping_update
FN:98,game_components_token::interface::ITokenEventRelayerDispatcherImpl::emit_game_metadata_update
FNDA:1,game_components_token::interface::ITokenEventRelayerDispatcherImpl::emit_game_metadata_update
FN:98,game_components_token::interface::ITokenEventRelayerDispatcherImpl::emit_game_registry_address_update
FNDA:0,game_components_token::interface::ITokenEventRelayerDispatcherImpl::emit_game_registry_address_update
FN:98,game_components_token::interface::ITokenEventRelayerDispatcherImpl::emit_minter_added
FNDA:1,game_components_token::interface::ITokenEventRelayerDispatcherImpl::emit_minter_added
FN:98,game_components_token::interface::ITokenEventRelayerDispatcherImpl::emit_minter_counter_update
FNDA:0,game_components_token::interface::ITokenEventRelayerDispatcherImpl::emit_minter_counter_update
FN:98,game_components_token::interface::ITokenEventRelayerDispatcherImpl::emit_objective_set
FNDA:1,game_components_token::interface::ITokenEventRelayerDispatcherImpl::emit_objective_set
FN:98,game_components_token::interface::ITokenEventRelayerDispatcherImpl::emit_owners
FNDA:1,game_components_token::interface::ITokenEventRelayerDispatcherImpl::emit_owners
FN:98,game_components_token::interface::ITokenEventRelayerDispatcherImpl::emit_player_name_update
FNDA:1,game_components_token::interface::ITokenEventRelayerDispatcherImpl::emit_player_name_update
FN:98,game_components_token::interface::ITokenEventRelayerDispatcherImpl::emit_score_update
FNDA:1,game_components_token::interface::ITokenEventRelayerDispatcherImpl::emit_score_update
FN:98,game_components_token::interface::ITokenEventRelayerDispatcherImpl::emit_token_counter_update
FNDA:0,game_components_token::interface::ITokenEventRelayerDispatcherImpl::emit_token_counter_update
FN:98,game_components_token::interface::ITokenEventRelayerDispatcherImpl::emit_token_metadata_update
FNDA:0,game_components_token::interface::ITokenEventRelayerDispatcherImpl::emit_token_metadata_update
FN:98,game_components_token::interface::ITokenEventRelayerDispatcherImpl::emit_token_renderer_update
FNDA:1,game_components_token::interface::ITokenEventRelayerDispatcherImpl::emit_token_renderer_update
FNF:40
FNH:31
DA:29,21
DA:98,10
LF:2
LH:2
end_of_record
TN:
SF:/workspace/game-components/packages/token/src/libs/address_utils.cairo
FN:16,game_components_token::libs::address_utils::address_to_option
FNDA:1,game_components_token::libs::address_utils::address_to_option
FN:44,game_components_token::libs::address_utils::is_non_zero_address
FNDA:1,game_components_token::libs::address_utils::is_non_zero_address
FN:32,game_components_token::libs::address_utils::is_zero_address
FNDA:1,game_components_token::libs::address_utils::is_zero_address
FNF:3
FNH:3
DA:16,1
DA:19,1
DA:32,1
DA:44,1
LF:4
LH:4
end_of_record
TN:
SF:/workspace/game-components/packages/token/src/libs/lifecycle.cairo
FN:27,game_components_token::libs::lifecycle::LifecycleImpl::can_start
FNDA:1,game_components_token::libs::lifecycle::LifecycleImpl::can_start
FN:17,game_components_token::libs::lifecycle::LifecycleImpl::has_expired
FNDA:1,game_components_token::libs::lifecycle::LifecycleImpl::has_expired
FN:37,game_components_token::libs::lifecycle::LifecycleImpl::is_playable
FNDA:1,game_components_token::libs::lifecycle::LifecycleImpl::is_playable
FN:42,game_components_token::libs::lifecycle::LifecycleImpl::validate
FNDA:1,game_components_token::libs::lifecycle::LifecycleImpl::validate
FN:44,game_components_token::libs::lifecycle::array_inline_macro
FNDA:1,game_components_token::libs::lifecycle::array_inline_macro
FNF:5
FNH:5
DA:17,1
DA:20,1
DA:27,1
DA:30,1
DA:37,1
DA:42,1
DA:43,1
DA:44,1
LF:8
LH:8
end_of_record
TN:
SF:/workspace/game-components/packages/token/src/libs/objectives_logic.cairo
FN:37,game_components_token::libs::objectives_logic::are_all_objectives_completed
FNDA:1,game_components_token::libs::objectives_logic::are_all_objectives_completed
FNF:1
FNH:1
DA:37,1
DA:39,1
DA:46,1
DA:47,1
DA:48,0
DA:52,1
LF:6
LH:5
end_of_record
TN:
SF:/workspace/game-components/packages/token/src/libs/token_state.cairo
FN:93,game_components_token::libs::token_state::create_blank_token_metadata
FNDA:1,game_components_token::libs::token_state::create_blank_token_metadata
FN:131,game_components_token::libs::token_state::create_game_token_metadata
FNDA:1,game_components_token::libs::token_state::create_game_token_metadata
FN:152,game_components_token::libs::token_state::create_lifecycle_with_defaults
FNDA:1,game_components_token::libs::token_state::create_lifecycle_with_defaults
FN:42,game_components_token::libs::token_state::ensure_game_over_transition
FNDA:0,game_components_token::libs::token_state::ensure_game_over_transition
FN:60,game_components_token::libs::token_state::ensure_objectives_completion_transition
FNDA:1,game_components_token::libs::token_state::ensure_objectives_completion_transition
FN:176,game_components_token::libs::token_state::is_single_game_token
FNDA:1,game_components_token::libs::token_state::is_single_game_token
FN:18,game_components_token::libs::token_state::is_token_playable
FNDA:1,game_components_token::libs::token_state::is_token_playable
FNF:7
FNH:6
DA:18,1
DA:23,1
DA:24,1
DA:28,1
DA:42,0
DA:45,0
DA:60,1
DA:63,1
DA:93,1
DA:131,1
DA:152,1
DA:176,1
LF:12
LH:10
end_of_record
TN:
SF:/workspace/game-components/packages/token/src/structs.cairo
FN:1,game_components_token::structs::LifecycleSerde::deserialize
FNDA:1,game_components_token::structs::LifecycleSerde::deserialize
FN:1,game_components_token::structs::LifecycleSerde::serialize
FNDA:1,game_components_token::structs::LifecycleSerde::serialize
FN:1,game_components_token::structs::StoreLifecycle::read_at_offset
FNDA:1,game_components_token::structs::StoreLifecycle::read_at_offset
FN:1,game_components_token::structs::StoreLifecycle::size
FNDA:1,game_components_token::structs::StoreLifecycle::size
FN:1,game_components_token::structs::StoreLifecycle::write_at_offset
FNDA:1,game_components_token::structs::StoreLifecycle::write_at_offset
FN:7,game_components_token::structs::StoreTokenMetadata::read
FNDA:1,game_components_token::structs::StoreTokenMetadata::read
FN:7,game_components_token::structs::StoreTokenMetadata::write
FNDA:1,game_components_token::structs::StoreTokenMetadata::write
FN:7,game_components_token::structs::TokenMetadataSerde::deserialize
FNDA:1,game_components_token::structs::TokenMetadataSerde::deserialize
FN:7,game_components_token::structs::TokenMetadataSerde::serialize
FNDA:1,game_components_token::structs::TokenMetadataSerde::serialize
FNF:9
FNH:9
DA:1,5
DA:7,4
LF:2
LH:2
end_of_record
TN:
SF:/workspace/game-components/packages/utils/src/json.cairo
FN:47,game_components_utils::json::create_context_json
FNDA:1,game_components_utils::json::create_context_json
FN:31,game_components_utils::json::create_objectives_json
FNDA:1,game_components_utils::json::create_objectives_json
FN:63,game_components_utils::json::format_macro
FNDA:1,game_components_utils::json::format_macro
FN:63,game_components_utils::json::write_macro
FNDA:1,game_components_utils::json::write_macro
FNF:4
FNH:4
DA:31,0
DA:33,1
DA:34,0
DA:37,0
DA:38,1
DA:39,1
DA:41,1
DA:47,0
DA:49,1
DA:50,1
DA:53,1
DA:54,1
DA:55,1
DA:57,0
DA:59,1
DA:62,1
DA:63,3
DA:68,0
LF:18
LH:12
end_of_record
